[ 2011-08-13T22:09:00+08:00 ] SQL: SHOW COLUMNS FROM `think_demo` [ RunTime:0.102096s ]
[ 2011-08-13T22:09:00+08:00 ] SQL: SELECT * FROM `think_demo` [ RunTime:0.000639s ]
[ 2011-08-13T22:09:17+08:00 ] SQL: SHOW COLUMNS FROM `think_demo` [ RunTime:0.003696s ]
[ 2011-08-13T22:09:17+08:00 ] SQL: INSERT INTO `think_demo` (`title`,`content`) VALUES ('假装睡觉','假装睡觉') [ RunTime:0.060123s ]
[ 2011-08-13T22:09:17+08:00 ] SQL: SHOW COLUMNS FROM `think_demo` [ RunTime:0.004302s ]
[ 2011-08-13T22:09:17+08:00 ] SQL: SELECT * FROM `think_demo` [ RunTime:0.000466s ]
[ 2011-08-13T22:09:19+08:00 ] SQL: SHOW COLUMNS FROM `think_demo` [ RunTime:0.005678s ]
[ 2011-08-13T22:09:19+08:00 ] SQL: SELECT * FROM `think_demo` [ RunTime:0.000521s ]
[ 2011-08-13T22:10:53+08:00 ] SQL: SHOW COLUMNS FROM `think_demo` [ RunTime:0.004434s ]
[ 2011-08-13T22:10:53+08:00 ] SQL: SELECT * FROM `think_demo` [ RunTime:0.000444s ]
[ 2011-08-13T22:10:55+08:00 ] SQL: SHOW COLUMNS FROM `think_demo` [ RunTime:0.004530s ]
[ 2011-08-13T22:10:55+08:00 ] SQL: SELECT * FROM `think_demo` [ RunTime:0.000451s ]
[ 2011-08-13T22:10:57+08:00 ] SQL: SHOW COLUMNS FROM `think_demo` [ RunTime:0.004564s ]
[ 2011-08-13T22:10:57+08:00 ] SQL: SELECT * FROM `think_demo` [ RunTime:0.000598s ]
[ 2011-08-13T22:10:59+08:00 ] SQL: SHOW COLUMNS FROM `think_demo` [ RunTime:0.004438s ]
[ 2011-08-13T22:10:59+08:00 ] SQL: SELECT * FROM `think_demo` [ RunTime:0.000430s ]
[ 2011-08-13T22:11:03+08:00 ] SQL: SHOW COLUMNS FROM `think_demo` [ RunTime:0.004339s ]
[ 2011-08-13T22:11:03+08:00 ] SQL: INSERT INTO `think_demo` (`title`,`content`) VALUES ('夺','桂林') [ RunTime:0.000610s ]
[ 2011-08-13T22:11:03+08:00 ] SQL: SHOW COLUMNS FROM `think_demo` [ RunTime:0.004295s ]
[ 2011-08-13T22:11:03+08:00 ] SQL: SELECT * FROM `think_demo` [ RunTime:0.000453s ]
[ 2011-08-13T22:11:26+08:00 ] SQL: SHOW COLUMNS FROM `think_demo` [ RunTime:0.004727s ]
[ 2011-08-13T22:11:26+08:00 ] SQL: SELECT * FROM `think_demo` [ RunTime:0.000497s ]
[ 2011-08-13T22:11:28+08:00 ] SQL: SHOW COLUMNS FROM `think_demo` [ RunTime:0.004750s ]
[ 2011-08-13T22:11:28+08:00 ] SQL: SELECT * FROM `think_demo` [ RunTime:0.000636s ]
[ 2011-08-13T22:11:30+08:00 ] SQL: SHOW COLUMNS FROM `think_demo` [ RunTime:0.004649s ]
[ 2011-08-13T22:11:30+08:00 ] SQL: SELECT * FROM `think_demo` [ RunTime:0.000468s ]
[ 2011-08-13T22:11:33+08:00 ] SQL: SHOW COLUMNS FROM `think_demo` [ RunTime:0.004759s ]
[ 2011-08-13T22:11:33+08:00 ] SQL: INSERT INTO `think_demo` (`title`,`content`) VALUES ('地','地') [ RunTime:0.000538s ]
[ 2011-08-13T22:11:33+08:00 ] SQL: SHOW COLUMNS FROM `think_demo` [ RunTime:0.004364s ]
[ 2011-08-13T22:11:33+08:00 ] SQL: SELECT * FROM `think_demo` [ RunTime:0.000484s ]
[ 2011-08-13T22:11:35+08:00 ] SQL: SHOW COLUMNS FROM `think_demo` [ RunTime:0.004358s ]
[ 2011-08-13T22:11:35+08:00 ] SQL: SELECT * FROM `think_demo` [ RunTime:0.000517s ]
[ 2011-08-13T22:12:07+08:00 ] SQL: SHOW COLUMNS FROM `think_demo` [ RunTime:0.004277s ]
[ 2011-08-13T22:12:07+08:00 ] SQL: SELECT * FROM `think_demo` [ RunTime:0.000506s ]
[ 2011-08-13T22:12:14+08:00 ] SQL: SHOW COLUMNS FROM `think_demo` [ RunTime:0.004468s ]
[ 2011-08-13T22:12:14+08:00 ] SQL: INSERT INTO `think_demo` (`title`,`content`) VALUES ('rr','rr') [ RunTime:0.000590s ]
[ 2011-08-13T22:12:14+08:00 ] SQL: SHOW COLUMNS FROM `think_demo` [ RunTime:0.004446s ]
[ 2011-08-13T22:12:14+08:00 ] SQL: SELECT * FROM `think_demo` [ RunTime:0.000486s ]
[ 2011-08-13T22:12:23+08:00 ] SQL: SHOW COLUMNS FROM `think_demo` [ RunTime:0.004744s ]
[ 2011-08-13T22:12:23+08:00 ] SQL: SELECT * FROM `think_demo` [ RunTime:0.000589s ]
[ 2011-08-13T22:12:29+08:00 ] SQL: SHOW COLUMNS FROM `think_demo` [ RunTime:0.004913s ]
[ 2011-08-13T22:12:29+08:00 ] SQL: SELECT * FROM `think_demo` [ RunTime:0.000616s ]
[ 2011-08-13T22:12:30+08:00 ] SQL: SHOW COLUMNS FROM `think_demo` [ RunTime:0.004532s ]
[ 2011-08-13T22:12:30+08:00 ] SQL: SELECT * FROM `think_demo` [ RunTime:0.000472s ]
[ 2011-08-13T22:12:31+08:00 ] SQL: SHOW COLUMNS FROM `think_demo` [ RunTime:0.004678s ]
[ 2011-08-13T22:12:31+08:00 ] SQL: SELECT * FROM `think_demo` [ RunTime:0.000494s ]
[ 2011-08-13T22:12:31+08:00 ] SQL: SHOW COLUMNS FROM `think_demo` [ RunTime:0.004764s ]
[ 2011-08-13T22:12:31+08:00 ] SQL: SELECT * FROM `think_demo` [ RunTime:0.000515s ]
[ 2011-08-13T22:12:31+08:00 ] SQL: SHOW COLUMNS FROM `think_demo` [ RunTime:0.004973s ]
[ 2011-08-13T22:12:31+08:00 ] SQL: SELECT * FROM `think_demo` [ RunTime:0.000468s ]
[ 2011-08-13T22:12:32+08:00 ] SQL: SHOW COLUMNS FROM `think_demo` [ RunTime:0.004560s ]
[ 2011-08-13T22:12:32+08:00 ] SQL: SELECT * FROM `think_demo` [ RunTime:0.000499s ]
[ 2011-08-13T22:13:33+08:00 ] SQL: SHOW COLUMNS FROM `think_demo` [ RunTime:0.004752s ]
[ 2011-08-13T22:13:33+08:00 ] SQL: SELECT * FROM `think_demo` [ RunTime:0.000484s ]
[ 2011-08-13T22:13:36+08:00 ] SQL: SHOW COLUMNS FROM `think_demo` [ RunTime:0.004636s ]
[ 2011-08-13T22:13:36+08:00 ] SQL: INSERT INTO `think_demo` (`title`,`content`) VALUES ('fff','ff') [ RunTime:0.000635s ]
[ 2011-08-13T22:13:36+08:00 ] SQL: SHOW COLUMNS FROM `think_demo` [ RunTime:0.004364s ]
[ 2011-08-13T22:13:36+08:00 ] SQL: SELECT * FROM `think_demo` [ RunTime:0.000484s ]
[ 2011-08-13T22:13:39+08:00 ] SQL: SHOW COLUMNS FROM `think_demo` [ RunTime:0.004739s ]
[ 2011-08-13T22:13:39+08:00 ] SQL: INSERT INTO `think_demo` (`title`,`content`) VALUES ('fff','ff') [ RunTime:0.000565s ]
[ 2011-08-13T22:13:39+08:00 ] SQL: SHOW COLUMNS FROM `think_demo` [ RunTime:0.004465s ]
[ 2011-08-13T22:13:39+08:00 ] SQL: SELECT * FROM `think_demo` [ RunTime:0.000528s ]
[ 2011-08-13T22:13:40+08:00 ] SQL: SHOW COLUMNS FROM `think_demo` [ RunTime:0.004398s ]
[ 2011-08-13T22:13:40+08:00 ] SQL: SELECT * FROM `think_demo` [ RunTime:0.000461s ]
[ 2011-08-13T22:14:00+08:00 ] SQL: SHOW COLUMNS FROM `think_demo` [ RunTime:0.004320s ]
[ 2011-08-13T22:14:00+08:00 ] SQL: INSERT INTO `think_demo` (`title`,`content`) VALUES ('f','ff') [ RunTime:0.000708s ]
[ 2011-08-13T22:14:06+08:00 ] SQL: SHOW COLUMNS FROM `think_demo` [ RunTime:0.004626s ]
[ 2011-08-13T22:14:06+08:00 ] SQL: SELECT * FROM `think_demo` [ RunTime:0.000525s ]
[ 2011-08-13T22:14:15+08:00 ] SQL: SHOW COLUMNS FROM `think_demo` [ RunTime:0.004639s ]
[ 2011-08-13T22:14:15+08:00 ] SQL: SELECT * FROM `think_demo` [ RunTime:0.000513s ]
[ 2011-08-13T22:14:17+08:00 ] SQL: SHOW COLUMNS FROM `think_demo` [ RunTime:0.004178s ]
[ 2011-08-13T22:14:17+08:00 ] SQL: SELECT * FROM `think_demo` [ RunTime:0.000494s ]
[ 2011-08-13T22:14:17+08:00 ] SQL: SHOW COLUMNS FROM `think_demo` [ RunTime:0.005015s ]
[ 2011-08-13T22:14:17+08:00 ] SQL: SELECT * FROM `think_demo` [ RunTime:0.000705s ]
[ 2011-08-13T22:15:11+08:00 ] SQL: SHOW COLUMNS FROM `think_demo` [ RunTime:0.004386s ]
[ 2011-08-13T22:15:11+08:00 ] SQL: SELECT * FROM `think_demo` [ RunTime:0.000580s ]
[ 2011-08-13T22:15:15+08:00 ] SQL: SHOW COLUMNS FROM `think_demo` [ RunTime:0.004673s ]
[ 2011-08-13T22:15:15+08:00 ] SQL: INSERT INTO `think_demo` (`title`,`content`) VALUES ('vvv','vvv') [ RunTime:0.000654s ]
[ 2011-08-13T22:15:15+08:00 ] SQL: SHOW COLUMNS FROM `think_demo` [ RunTime:0.004358s ]
[ 2011-08-13T22:15:15+08:00 ] SQL: SELECT * FROM `think_demo` [ RunTime:0.000502s ]
[ 2011-08-13T22:16:58+08:00 ] SQL: SHOW COLUMNS FROM `think_demo` [ RunTime:0.004750s ]
[ 2011-08-13T22:16:58+08:00 ] SQL: SELECT * FROM `think_demo` [ RunTime:0.000509s ]
[ 2011-08-13T22:17:00+08:00 ] SQL: SHOW COLUMNS FROM `think_demo` [ RunTime:0.004550s ]
[ 2011-08-13T22:17:00+08:00 ] SQL: SELECT * FROM `think_demo` [ RunTime:0.000568s ]
[ 2011-08-13T22:17:02+08:00 ] SQL: SHOW COLUMNS FROM `think_demo` [ RunTime:0.004630s ]
[ 2011-08-13T22:17:02+08:00 ] SQL: INSERT INTO `think_demo` (`title`,`content`) VALUES ('ff','fff') [ RunTime:0.000666s ]
[ 2011-08-13T22:17:02+08:00 ] SQL: SHOW COLUMNS FROM `think_demo` [ RunTime:0.004485s ]
[ 2011-08-13T22:17:02+08:00 ] SQL: SELECT * FROM `think_demo` [ RunTime:0.000534s ]
[ 2011-08-13T22:17:04+08:00 ] SQL: SHOW COLUMNS FROM `think_demo` [ RunTime:0.006728s ]
[ 2011-08-13T22:17:04+08:00 ] SQL: SELECT * FROM `think_demo` [ RunTime:0.000512s ]
[ 2011-08-13T22:17:17+08:00 ] ERR: (ThinkException) 无法加载模块Isndex
[ 2011-08-13T22:17:23+08:00 ] SQL: SHOW COLUMNS FROM `think_demo` [ RunTime:0.004592s ]
[ 2011-08-13T22:17:23+08:00 ] SQL: SELECT * FROM `think_demo` [ RunTime:0.000511s ]
[ 2011-08-13T22:17:26+08:00 ] ERR: (ThinkException) 无法加载模块Isndex
[ 2011-08-13T22:17:27+08:00 ] SQL: SHOW COLUMNS FROM `think_demo` [ RunTime:0.004322s ]
[ 2011-08-13T22:17:27+08:00 ] SQL: SELECT * FROM `think_demo` [ RunTime:0.000488s ]
[ 2011-08-13T22:17:29+08:00 ] SQL: SHOW COLUMNS FROM `think_demo` [ RunTime:0.004535s ]
[ 2011-08-13T22:17:29+08:00 ] SQL: SELECT * FROM `think_demo` [ RunTime:0.000528s ]
[ 2011-08-13T22:17:32+08:00 ] SQL: SHOW COLUMNS FROM `think_demo` [ RunTime:0.004526s ]
[ 2011-08-13T22:17:32+08:00 ] SQL: INSERT INTO `think_demo` (`title`,`content`) VALUES ('ff','fff') [ RunTime:0.000636s ]
[ 2011-08-13T22:17:32+08:00 ] SQL: SHOW COLUMNS FROM `think_demo` [ RunTime:0.004398s ]
[ 2011-08-13T22:17:32+08:00 ] SQL: SELECT * FROM `think_demo` [ RunTime:0.000652s ]
[ 2011-08-13T22:20:25+08:00 ] SQL: SHOW COLUMNS FROM `think_demo` [ RunTime:0.004403s ]
[ 2011-08-13T22:20:25+08:00 ] SQL: INSERT INTO `think_demo` (`title`,`content`) VALUES ('','') [ RunTime:0.000459s ]
[ 2011-08-13T22:20:25+08:00 ] SQL: SHOW COLUMNS FROM `think_demo` [ RunTime:0.005486s ]
[ 2011-08-13T22:20:25+08:00 ] SQL: SELECT * FROM `think_demo` [ RunTime:0.000540s ]
[ 2011-08-13T22:20:25+08:00 ] SQL: SHOW COLUMNS FROM `think_demo` [ RunTime:0.004369s ]
[ 2011-08-13T22:20:25+08:00 ] SQL: INSERT INTO `think_demo` (`title`,`content`) VALUES ('','') [ RunTime:0.000453s ]
[ 2011-08-13T22:20:25+08:00 ] SQL: SHOW COLUMNS FROM `think_demo` [ RunTime:0.004163s ]
[ 2011-08-13T22:20:25+08:00 ] SQL: SELECT * FROM `think_demo` [ RunTime:0.000501s ]
[ 2011-08-13T22:20:26+08:00 ] SQL: SHOW COLUMNS FROM `think_demo` [ RunTime:0.004337s ]
[ 2011-08-13T22:20:26+08:00 ] SQL: INSERT INTO `think_demo` (`title`,`content`) VALUES ('','') [ RunTime:0.000447s ]
[ 2011-08-13T22:20:26+08:00 ] SQL: SHOW COLUMNS FROM `think_demo` [ RunTime:0.005559s ]
[ 2011-08-13T22:20:26+08:00 ] SQL: SELECT * FROM `think_demo` [ RunTime:0.000789s ]
[ 2011-08-13T22:26:58+08:00 ] SQL: SHOW COLUMNS FROM `think_demo` [ RunTime:0.006167s ]
[ 2011-08-13T22:26:58+08:00 ] SQL: SELECT * FROM `think_demo` [ RunTime:0.000561s ]
[ 2011-08-13T22:28:04+08:00 ] SQL: SHOW COLUMNS FROM `think_demo` [ RunTime:0.004355s ]
[ 2011-08-13T22:28:04+08:00 ] SQL: SELECT * FROM `think_demo` [ RunTime:0.000542s ]
[ 2011-08-13T22:28:21+08:00 ] SQL: SHOW COLUMNS FROM `think_demo` [ RunTime:0.004295s ]
[ 2011-08-13T22:28:21+08:00 ] SQL: SELECT * FROM `think_demo` [ RunTime:0.000520s ]
[ 2011-08-13T22:34:46+08:00 ] SQL: SHOW COLUMNS FROM `think_demo` [ RunTime:0.004621s ]
[ 2011-08-13T22:34:46+08:00 ] SQL: SELECT * FROM `think_demo` [ RunTime:0.000561s ]
[ 2011-08-13T22:34:48+08:00 ] SQL: SHOW COLUMNS FROM `think_demo` [ RunTime:0.004568s ]
[ 2011-08-13T22:34:48+08:00 ] SQL: SELECT * FROM `think_demo` [ RunTime:0.000535s ]
[ 2011-08-13T22:39:42+08:00 ] SQL: SHOW COLUMNS FROM `think_demo` [ RunTime:0.003720s ]
[ 2011-08-13T22:39:42+08:00 ] SQL: SELECT * FROM `think_demo` [ RunTime:0.000696s ]
[ 2011-08-13T22:39:44+08:00 ] SQL: SHOW COLUMNS FROM `think_demo` [ RunTime:0.004186s ]
[ 2011-08-13T22:39:44+08:00 ] SQL: SELECT * FROM `think_demo` [ RunTime:0.000537s ]
[ 2011-08-13T22:39:53+08:00 ] SQL: SHOW COLUMNS FROM `think_demo` [ RunTime:0.003558s ]
[ 2011-08-13T22:39:53+08:00 ] SQL: INSERT INTO `think_demo` (`title`,`content`) VALUES ('ff','fff') [ RunTime:0.036456s ]
[ 2011-08-13T22:39:54+08:00 ] SQL: SHOW COLUMNS FROM `think_demo` [ RunTime:0.003061s ]
[ 2011-08-13T22:39:54+08:00 ] SQL: SELECT * FROM `think_demo` [ RunTime:0.000654s ]
[ 2011-08-13T22:44:20+08:00 ] SQL: SHOW COLUMNS FROM `think_demo` [ RunTime:0.003215s ]
[ 2011-08-13T22:44:20+08:00 ] SQL: SELECT * FROM `think_demo` [ RunTime:0.000548s ]
[ 2011-08-13T22:44:23+08:00 ] SQL: SHOW COLUMNS FROM `think_demo` [ RunTime:0.003063s ]
[ 2011-08-13T22:44:23+08:00 ] SQL: SELECT * FROM `think_demo` [ RunTime:0.000764s ]
[ 2011-08-13T22:46:25+08:00 ] SQL: SHOW COLUMNS FROM `think_demo` [ RunTime:0.003126s ]
[ 2011-08-13T22:46:25+08:00 ] SQL: SELECT * FROM `think_demo` [ RunTime:0.000581s ]
[ 2011-08-13T22:54:01+08:00 ] SQL: SHOW COLUMNS FROM `think_demo` [ RunTime:0.003208s ]
[ 2011-08-13T22:54:01+08:00 ] SQL: SELECT * FROM `think_demo` [ RunTime:0.000617s ]
[ 2011-08-13T22:54:03+08:00 ] SQL: SHOW COLUMNS FROM `think_demo` [ RunTime:0.003241s ]
[ 2011-08-13T22:54:03+08:00 ] SQL: SELECT * FROM `think_demo` [ RunTime:0.000647s ]
[ 2011-08-13T22:54:05+08:00 ] SQL: SHOW COLUMNS FROM `think_demo` [ RunTime:0.003349s ]
[ 2011-08-13T22:54:05+08:00 ] SQL: INSERT INTO `think_demo` (`title`,`content`) VALUES ('d','d') [ RunTime:0.000710s ]
[ 2011-08-13T22:54:05+08:00 ] SQL: SHOW COLUMNS FROM `think_demo` [ RunTime:0.003073s ]
[ 2011-08-13T22:54:05+08:00 ] SQL: SELECT * FROM `think_demo` [ RunTime:0.000533s ]
[ 2011-08-13T22:54:14+08:00 ] SQL: SHOW COLUMNS FROM `think_demo` [ RunTime:0.003329s ]
[ 2011-08-13T22:54:14+08:00 ] SQL: SELECT * FROM `think_demo` [ RunTime:0.000591s ]
[ 2011-08-13T22:55:53+08:00 ] SQL: SHOW COLUMNS FROM `think_demo` [ RunTime:0.003835s ]
[ 2011-08-13T22:55:53+08:00 ] SQL: SELECT * FROM `think_demo` [ RunTime:0.000595s ]
[ 2011-08-13T22:55:57+08:00 ] SQL: SHOW COLUMNS FROM `think_demo` [ RunTime:0.003648s ]
[ 2011-08-13T22:55:57+08:00 ] SQL: SELECT * FROM `think_demo` [ RunTime:0.000560s ]
[ 2011-08-13T22:56:00+08:00 ] SQL: SHOW COLUMNS FROM `think_demo` [ RunTime:0.004476s ]
[ 2011-08-13T22:56:00+08:00 ] SQL: INSERT INTO `think_demo` (`title`,`content`) VALUES ('ff','ffff') [ RunTime:0.000622s ]
[ 2011-08-13T22:56:00+08:00 ] SQL: SHOW COLUMNS FROM `think_demo` [ RunTime:0.002935s ]
[ 2011-08-13T22:56:00+08:00 ] SQL: SELECT * FROM `think_demo` [ RunTime:0.000673s ]
[ 2011-08-13T22:56:15+08:00 ] SQL: SHOW COLUMNS FROM `think_demo` [ RunTime:0.004262s ]
[ 2011-08-13T22:56:15+08:00 ] SQL: SELECT * FROM `think_demo` [ RunTime:0.000593s ]
[ 2011-08-13T22:56:18+08:00 ] SQL: SHOW COLUMNS FROM `think_demo` [ RunTime:0.003196s ]
[ 2011-08-13T22:56:18+08:00 ] SQL: SELECT * FROM `think_demo` [ RunTime:0.000544s ]
[ 2011-08-13T22:56:20+08:00 ] SQL: SHOW COLUMNS FROM `think_demo` [ RunTime:0.003116s ]
[ 2011-08-13T22:56:20+08:00 ] SQL: SELECT * FROM `think_demo` [ RunTime:0.000689s ]
[ 2011-08-13T22:56:23+08:00 ] SQL: SHOW COLUMNS FROM `think_demo` [ RunTime:0.004375s ]
[ 2011-08-13T22:56:23+08:00 ] SQL: INSERT INTO `think_demo` (`title`,`content`) VALUES ('sdfd','fs') [ RunTime:0.000726s ]
[ 2011-08-13T22:56:23+08:00 ] SQL: SHOW COLUMNS FROM `think_demo` [ RunTime:0.003277s ]
[ 2011-08-13T22:56:23+08:00 ] SQL: SELECT * FROM `think_demo` [ RunTime:0.000592s ]
[ 2011-08-13T22:56:29+08:00 ] SQL: SHOW COLUMNS FROM `think_demo` [ RunTime:0.003446s ]
[ 2011-08-13T22:56:29+08:00 ] SQL: INSERT INTO `think_demo` (`title`,`content`) VALUES ('wxxxxxxx','ssssssssssssss') [ RunTime:0.000499s ]
[ 2011-08-13T22:56:29+08:00 ] SQL: SHOW COLUMNS FROM `think_demo` [ RunTime:0.003098s ]
[ 2011-08-13T22:56:29+08:00 ] SQL: SELECT * FROM `think_demo` [ RunTime:0.000549s ]
[ 2011-08-13T22:56:48+08:00 ] SQL: SHOW COLUMNS FROM `think_demo` [ RunTime:0.004350s ]
[ 2011-08-13T22:56:48+08:00 ] SQL: SELECT * FROM `think_demo` [ RunTime:0.000706s ]
[ 2011-08-13T22:56:54+08:00 ] SQL: SHOW COLUMNS FROM `think_demo` [ RunTime:0.003178s ]
[ 2011-08-13T22:56:54+08:00 ] SQL: SELECT * FROM `think_demo` [ RunTime:0.000551s ]
[ 2011-08-13T22:57:14+08:00 ] SQL: SHOW COLUMNS FROM `think_demo` [ RunTime:0.006823s ]
[ 2011-08-13T22:57:14+08:00 ] SQL: SELECT * FROM `think_demo` [ RunTime:0.000732s ]
[ 2011-08-13T22:59:45+08:00 ] SQL: SHOW COLUMNS FROM `think_demo` [ RunTime:0.003192s ]
[ 2011-08-13T22:59:45+08:00 ] SQL: SELECT * FROM `think_demo` [ RunTime:0.000608s ]
[ 2011-08-13T22:59:46+08:00 ] SQL: SHOW COLUMNS FROM `think_demo` [ RunTime:0.004271s ]
[ 2011-08-13T22:59:46+08:00 ] SQL: SELECT * FROM `think_demo` [ RunTime:0.000538s ]
[ 2011-08-13T23:02:31+08:00 ] SQL: SHOW COLUMNS FROM `think_demo` [ RunTime:0.003220s ]
[ 2011-08-13T23:02:31+08:00 ] SQL: SELECT * FROM `think_demo` [ RunTime:0.000562s ]
