[ 2011-08-17T22:38:19+08:00 ] SQL: SHOW COLUMNS FROM `blog_demo` [ RunTime:0.002552s ]
[ 2011-08-17T22:38:19+08:00 ] SQL: SELECT * FROM `blog_demo` [ RunTime:0.000521s ]
[ 2011-08-17T22:41:02+08:00 ] SQL: SHOW COLUMNS FROM `blog_demo` [ RunTime:0.002839s ]
[ 2011-08-17T22:41:02+08:00 ] SQL: SELECT * FROM `blog_demo` [ RunTime:0.000440s ]
[ 2011-08-17T22:43:26+08:00 ] ERR: (ThinkException) 非法操作index.html
[ 2011-08-17T22:43:30+08:00 ] SQL: SHOW COLUMNS FROM `blog_demo` [ RunTime:0.002410s ]
[ 2011-08-17T22:43:30+08:00 ] SQL: SELECT * FROM `blog_demo` [ RunTime:0.000388s ]
[ 2011-08-17T22:43:30+08:00 ] ERR: (ThinkException) 非法操作js
[ 2011-08-17T22:43:30+08:00 ] ERR: (ThinkException) 非法操作js
[ 2011-08-17T22:43:31+08:00 ] ERR: (ThinkException) 非法操作favicon.ico
[ 2011-08-17T22:43:37+08:00 ] SQL: SHOW COLUMNS FROM `blog_demo` [ RunTime:0.002623s ]
[ 2011-08-17T22:43:37+08:00 ] SQL: SELECT * FROM `blog_demo` [ RunTime:0.000439s ]
[ 2011-08-17T22:43:37+08:00 ] ERR: (ThinkException) 非法操作js
[ 2011-08-17T22:43:37+08:00 ] ERR: (ThinkException) 非法操作js
[ 2011-08-17T22:43:37+08:00 ] ERR: (ThinkException) 非法操作favicon.ico
[ 2011-08-17T22:44:08+08:00 ] SQL: SHOW COLUMNS FROM `blog_demo` [ RunTime:0.002538s ]
[ 2011-08-17T22:44:08+08:00 ] SQL: SELECT * FROM `blog_demo` [ RunTime:0.000410s ]
[ 2011-08-17T22:44:09+08:00 ] ERR: (ThinkException) 非法操作favicon.ico
[ 2011-08-17T22:44:10+08:00 ] SQL: SHOW COLUMNS FROM `blog_demo` [ RunTime:0.002876s ]
[ 2011-08-17T22:44:10+08:00 ] SQL: SELECT * FROM `blog_demo` [ RunTime:0.000472s ]
[ 2011-08-17T22:49:07+08:00 ] ERR: (ThinkException) 非法操作images
[ 2011-08-17T22:49:07+08:00 ] ERR: (ThinkException) 非法操作images
[ 2011-08-17T22:52:26+08:00 ] ERR: (ThinkException) 非法操作images
[ 2011-08-17T22:52:27+08:00 ] ERR: (ThinkException) 非法操作images
[ 2011-08-17T22:52:27+08:00 ] ERR: (ThinkException) 非法操作images
[ 2011-08-17T22:52:27+08:00 ] ERR: (ThinkException) 非法操作images
[ 2011-08-17T22:52:27+08:00 ] ERR: (ThinkException) 非法操作images
[ 2011-08-17T22:52:27+08:00 ] ERR: (ThinkException) 非法操作images
[ 2011-08-17T22:52:27+08:00 ] ERR: (ThinkException) 非法操作images
[ 2011-08-17T22:52:27+08:00 ] ERR: (ThinkException) 非法操作images
[ 2011-08-17T22:52:29+08:00 ] SQL: SHOW COLUMNS FROM `blog_demo` [ RunTime:0.002778s ]
[ 2011-08-17T22:52:29+08:00 ] SQL: SELECT * FROM `blog_demo` [ RunTime:0.000405s ]
[ 2011-08-17T22:52:31+08:00 ] ERR: (ThinkException) 非法操作favicon.ico
[ 2011-08-17T22:52:31+08:00 ] ERR: (ThinkException) 非法操作images
[ 2011-08-17T22:52:31+08:00 ] ERR: (ThinkException) 非法操作images
[ 2011-08-17T22:52:31+08:00 ] ERR: (ThinkException) 非法操作images
[ 2011-08-17T22:52:31+08:00 ] ERR: (ThinkException) 非法操作images
[ 2011-08-17T22:52:32+08:00 ] ERR: (ThinkException) 非法操作images
[ 2011-08-17T22:52:32+08:00 ] ERR: (ThinkException) 非法操作images
[ 2011-08-17T22:52:32+08:00 ] ERR: (ThinkException) 非法操作images
[ 2011-08-17T22:52:32+08:00 ] ERR: (ThinkException) 非法操作images
[ 2011-08-17T22:52:32+08:00 ] ERR: (ThinkException) 非法操作images
[ 2011-08-17T22:52:32+08:00 ] ERR: (ThinkException) 非法操作images
[ 2011-08-17T22:52:32+08:00 ] ERR: (ThinkException) 非法操作images
[ 2011-08-17T22:52:32+08:00 ] ERR: (ThinkException) 非法操作images
[ 2011-08-17T22:52:32+08:00 ] ERR: (ThinkException) 非法操作images
[ 2011-08-17T22:52:32+08:00 ] ERR: (ThinkException) 非法操作images
[ 2011-08-17T22:52:33+08:00 ] ERR: (ThinkException) 非法操作images
[ 2011-08-17T22:52:33+08:00 ] ERR: (ThinkException) 非法操作images
[ 2011-08-17T22:53:16+08:00 ] SQL: SHOW COLUMNS FROM `blog_demo` [ RunTime:0.002497s ]
[ 2011-08-17T22:53:16+08:00 ] SQL: SELECT * FROM `blog_demo` [ RunTime:0.000398s ]
[ 2011-08-17T22:53:16+08:00 ] ERR: (ThinkException) 非法操作favicon.ico
[ 2011-08-17T23:05:18+08:00 ] SQL: SHOW COLUMNS FROM `blog_demo` [ RunTime:0.002671s ]
[ 2011-08-17T23:05:18+08:00 ] SQL: SELECT * FROM `blog_demo` [ RunTime:0.000521s ]
[ 2011-08-17T23:05:20+08:00 ] ERR: (ThinkException) 非法操作favicon.ico
[ 2011-08-17T23:06:04+08:00 ] SQL: SHOW COLUMNS FROM `blog_demo` [ RunTime:0.003133s ]
[ 2011-08-17T23:06:04+08:00 ] SQL: SELECT * FROM `blog_demo` [ RunTime:0.000506s ]
[ 2011-08-17T23:06:06+08:00 ] ERR: (ThinkException) 非法操作favicon.ico
[ 2011-08-17T23:10:25+08:00 ] SQL: SHOW COLUMNS FROM `blog_demo` [ RunTime:0.002598s ]
[ 2011-08-17T23:10:25+08:00 ] SQL: SELECT * FROM `blog_demo` [ RunTime:0.000547s ]
[ 2011-08-17T23:10:28+08:00 ] ERR: (ThinkException) 非法操作favicon.ico
[ 2011-08-17T23:11:54+08:00 ] SQL: SHOW COLUMNS FROM `blog_demo` [ RunTime:0.002424s ]
[ 2011-08-17T23:11:54+08:00 ] SQL: SELECT * FROM `blog_demo` [ RunTime:0.000542s ]
[ 2011-08-17T23:11:56+08:00 ] ERR: (ThinkException) 非法操作favicon.ico
[ 2011-08-17T23:12:11+08:00 ] SQL: SHOW COLUMNS FROM `blog_demo` [ RunTime:0.002703s ]
[ 2011-08-17T23:12:11+08:00 ] SQL: SELECT * FROM `blog_demo` [ RunTime:0.000405s ]
[ 2011-08-17T23:12:11+08:00 ] ERR: (ThinkException) 非法操作favicon.ico
[ 2011-08-17T23:22:11+08:00 ] SQL: SHOW COLUMNS FROM `blog_demo` [ RunTime:0.002424s ]
[ 2011-08-17T23:22:11+08:00 ] SQL: SELECT * FROM `blog_demo` [ RunTime:0.000418s ]
[ 2011-08-17T23:22:12+08:00 ] ERR: (ThinkException) 非法操作favicon.ico
[ 2011-08-17T23:22:24+08:00 ] ERR: (ThinkException) 非法操作favicon.ico
[ 2011-08-17T23:23:19+08:00 ] ERR: (ThinkException) 非法操作favicon.ico
[ 2011-08-17T23:23:22+08:00 ] SQL: SHOW COLUMNS FROM `blog_demo` [ RunTime:0.003044s ]
[ 2011-08-17T23:23:22+08:00 ] SQL: SELECT * FROM `blog_demo` [ RunTime:0.000580s ]
[ 2011-08-17T23:23:27+08:00 ] ERR: (ThinkException) 非法操作favicon.ico
[ 2011-08-17T23:24:04+08:00 ] SQL: SHOW COLUMNS FROM `blog_demo` [ RunTime:0.002692s ]
[ 2011-08-17T23:24:04+08:00 ] SQL: SELECT * FROM `blog_demo` [ RunTime:0.000799s ]
[ 2011-08-17T23:24:06+08:00 ] ERR: (ThinkException) 非法操作favicon.ico
[ 2011-08-17T23:24:10+08:00 ] ERR: (ThinkException) 非法操作favicon.ico
[ 2011-08-17T23:25:20+08:00 ] SQL: SHOW COLUMNS FROM `blog_demo` [ RunTime:0.002708s ]
[ 2011-08-17T23:25:20+08:00 ] SQL: SELECT * FROM `blog_demo` [ RunTime:0.000570s ]
[ 2011-08-17T23:25:21+08:00 ] ERR: (ThinkException) 非法操作favicon.ico
[ 2011-08-17T23:25:36+08:00 ] ERR: (ThinkException) 非法操作favicon.ico
[ 2011-08-17T23:26:39+08:00 ] SQL: SHOW COLUMNS FROM `blog_demo` [ RunTime:0.002724s ]
[ 2011-08-17T23:26:39+08:00 ] SQL: SELECT * FROM `blog_demo` [ RunTime:0.000483s ]
[ 2011-08-17T23:26:40+08:00 ] ERR: (ThinkException) 非法操作favicon.ico
[ 2011-08-17T23:26:52+08:00 ] ERR: (ThinkException) 非法操作favicon.ico
[ 2011-08-17T23:27:02+08:00 ] ERR: (ThinkException) 非法操作favicon.ico
[ 2011-08-17T23:27:02+08:00 ] ERR: (ThinkException) 非法操作favicon.ico
[ 2011-08-17T23:28:55+08:00 ] SQL: SHOW COLUMNS FROM `blog_demo` [ RunTime:0.002669s ]
[ 2011-08-17T23:28:55+08:00 ] SQL: SELECT * FROM `blog_demo` [ RunTime:0.000471s ]
[ 2011-08-17T23:28:58+08:00 ] ERR: (ThinkException) 非法操作favicon.ico
[ 2011-08-17T23:29:04+08:00 ] ERR: (ThinkException) 非法操作favicon.ico
