[ 2011-08-09T16:09:43+08:00 ] SQL: SHOW COLUMNS FROM `think_demo` [ RunTime:0.062422s ]
[ 2011-08-09T16:09:43+08:00 ] SQL: SELECT * FROM `think_demo` [ RunTime:0.000718s ]
[ 2011-08-09T16:09:47+08:00 ] SQL: SHOW COLUMNS FROM `think_demo` [ RunTime:0.004510s ]
[ 2011-08-09T16:09:47+08:00 ] SQL: SELECT * FROM `think_demo` [ RunTime:0.000660s ]
[ 2011-08-09T16:09:56+08:00 ] SQL: SHOW COLUMNS FROM `think_demo` [ RunTime:0.003042s ]
[ 2011-08-09T16:09:57+08:00 ] SQL: INSERT INTO `think_demo` (`title`,`content`) VALUES ('sdfsd','sdfsdf') [ RunTime:0.260010s ]
[ 2011-08-09T16:09:57+08:00 ] SQL: SHOW COLUMNS FROM `think_demo` [ RunTime:0.003054s ]
[ 2011-08-09T16:09:57+08:00 ] SQL: SELECT * FROM `think_demo` [ RunTime:0.000865s ]
[ 2011-08-09T16:10:07+08:00 ] SQL: SHOW COLUMNS FROM `think_demo` [ RunTime:0.005920s ]
[ 2011-08-09T16:10:07+08:00 ] SQL: INSERT INTO `think_demo` (`title`,`content`) VALUES ('中文呢','中文呢') [ RunTime:0.707853s ]
[ 2011-08-09T16:10:07+08:00 ] SQL: SHOW COLUMNS FROM `think_demo` [ RunTime:0.003065s ]
[ 2011-08-09T16:10:07+08:00 ] SQL: SELECT * FROM `think_demo` [ RunTime:0.000612s ]
[ 2011-08-09T16:11:13+08:00 ] SQL: SHOW COLUMNS FROM `think_demo` [ RunTime:0.003588s ]
[ 2011-08-09T16:11:13+08:00 ] SQL: SELECT * FROM `think_demo` [ RunTime:0.000380s ]
[ 2011-08-09T16:11:19+08:00 ] SQL: SHOW COLUMNS FROM `think_demo` [ RunTime:0.004672s ]
[ 2011-08-09T16:11:19+08:00 ] SQL: INSERT INTO `think_demo` (`title`,`content`) VALUES ('中国','中国') [ RunTime:0.000602s ]
[ 2011-08-09T16:11:19+08:00 ] SQL: SHOW COLUMNS FROM `think_demo` [ RunTime:0.003182s ]
[ 2011-08-09T16:11:19+08:00 ] SQL: SELECT * FROM `think_demo` [ RunTime:0.000430s ]
[ 2011-08-09T16:11:37+08:00 ] SQL: SHOW COLUMNS FROM `think_demo` [ RunTime:0.003379s ]
[ 2011-08-09T16:11:37+08:00 ] SQL: INSERT INTO `think_demo` (`title`,`content`) VALUES ('看来还是数据库的原因','看来还是数据库的原因要') [ RunTime:0.000530s ]
[ 2011-08-09T16:11:37+08:00 ] SQL: SHOW COLUMNS FROM `think_demo` [ RunTime:0.003243s ]
[ 2011-08-09T16:11:37+08:00 ] SQL: SELECT * FROM `think_demo` [ RunTime:0.000644s ]
[ 2011-08-09T16:12:19+08:00 ] SQL: SHOW COLUMNS FROM `think_demo` [ RunTime:0.005073s ]
[ 2011-08-09T16:12:19+08:00 ] SQL: SELECT * FROM `think_demo` [ RunTime:0.000745s ]
