[ 2011-08-22T09:07:17+08:00 ] SQL: SHOW COLUMNS FROM `blog_article` [ RunTime:0.350337s ]
[ 2011-08-22T09:07:17+08:00 ] SQL: SELECT * FROM `blog_article` WHERE blar_status=3 ORDER BY blar_create_time desc LIMIT 5  [ RunTime:0.077211s ]
[ 2011-08-22T09:07:17+08:00 ] SQL: SHOW COLUMNS FROM `blog_article` [ RunTime:0.005827s ]
[ 2011-08-22T09:07:17+08:00 ] SQL: SELECT * FROM `blog_article` WHERE blar_status<>2 ORDER BY blar_clicks desc, blar_create_time desc LIMIT 10  [ RunTime:0.001142s ]
[ 2011-08-22T09:07:17+08:00 ] SQL: SHOW COLUMNS FROM `blog_article` [ RunTime:0.006087s ]
[ 2011-08-22T09:07:17+08:00 ] SQL: SELECT COUNT(*) AS tp_count FROM `blog_article` WHERE blar_status<>2 LIMIT 1  [ RunTime:0.000785s ]
[ 2011-08-22T09:07:17+08:00 ] SQL: SELECT * FROM `blog_article` WHERE blar_status<>2 ORDER BY blar_create_time desc LIMIT 0,5  [ RunTime:0.000838s ]
[ 2011-08-22T09:07:17+08:00 ] SQL: SHOW COLUMNS FROM `blog_view_ar_tags` [ RunTime:0.225053s ]
[ 2011-08-22T09:07:17+08:00 ] SQL: SELECT * FROM `blog_view_ar_tags` WHERE blar_id=36 [ RunTime:0.033311s ]
[ 2011-08-22T09:07:17+08:00 ] SQL: SHOW COLUMNS FROM `blog_view_ar_tags` [ RunTime:0.005089s ]
[ 2011-08-22T09:07:17+08:00 ] SQL: SELECT * FROM `blog_view_ar_tags` WHERE blar_id=35 [ RunTime:0.002104s ]
[ 2011-08-22T09:07:17+08:00 ] SQL: SHOW COLUMNS FROM `blog_view_ar_tags` [ RunTime:0.003377s ]
[ 2011-08-22T09:07:17+08:00 ] SQL: SELECT * FROM `blog_view_ar_tags` WHERE blar_id=34 [ RunTime:0.000842s ]
[ 2011-08-22T09:07:17+08:00 ] SQL: SHOW COLUMNS FROM `blog_view_ar_tags` [ RunTime:0.003310s ]
[ 2011-08-22T09:07:17+08:00 ] SQL: SELECT * FROM `blog_view_ar_tags` WHERE blar_id=33 [ RunTime:0.000828s ]
[ 2011-08-22T09:07:17+08:00 ] SQL: SHOW COLUMNS FROM `blog_view_ar_tags` [ RunTime:0.003370s ]
[ 2011-08-22T09:07:17+08:00 ] SQL: SELECT * FROM `blog_view_ar_tags` WHERE blar_id=32 [ RunTime:0.000945s ]
[ 2011-08-22T09:07:23+08:00 ] SQL: SHOW COLUMNS FROM `blog_view_article` [ RunTime:0.183043s ]
[ 2011-08-22T09:07:23+08:00 ] SQL: UPDATE `blog_view_article` SET `blar_clicks`=blar_clicks+1 WHERE blar_id=36 [ RunTime:0.283606s ]
[ 2011-08-22T09:07:23+08:00 ] SQL: SELECT * FROM `blog_view_article` WHERE blar_id=36 [ RunTime:0.001813s ]
[ 2011-08-22T09:07:23+08:00 ] NOTIC: [8] Undefined variable: listHot d9a3bb55309353f40dc456c78c016cb5.php 第 126 行.
[ 2011-08-22T09:07:23+08:00 ] NOTIC: [8] Undefined variable: listOrder d9a3bb55309353f40dc456c78c016cb5.php 第 372 行.
[ 2011-08-22T09:07:26+08:00 ] ERR: (ThinkException) 非法操作favicon.ico
[ 2011-08-22T09:09:04+08:00 ] SQL: SHOW COLUMNS FROM `blog_view_article` [ RunTime:0.031814s ]
[ 2011-08-22T09:09:04+08:00 ] SQL: UPDATE `blog_view_article` SET `blar_clicks`=blar_clicks+1 WHERE blar_id=34 [ RunTime:0.062985s ]
[ 2011-08-22T09:09:04+08:00 ] SQL: SELECT * FROM `blog_view_article` WHERE blar_id=34 [ RunTime:0.001145s ]
[ 2011-08-22T09:09:04+08:00 ] NOTIC: [8] Undefined variable: listHot d9a3bb55309353f40dc456c78c016cb5.php 第 126 行.
[ 2011-08-22T09:09:04+08:00 ] NOTIC: [8] Undefined variable: listOrder d9a3bb55309353f40dc456c78c016cb5.php 第 372 行.
[ 2011-08-22T09:09:04+08:00 ] ERR: (ThinkException) 非法操作favicon.ico
[ 2011-08-22T09:10:12+08:00 ] SQL: SHOW COLUMNS FROM `blog_view_article` [ RunTime:0.008141s ]
[ 2011-08-22T09:10:12+08:00 ] SQL: UPDATE `blog_view_article` SET `blar_clicks`=blar_clicks+1 WHERE blar_id=34 [ RunTime:0.076502s ]
[ 2011-08-22T09:10:12+08:00 ] SQL: SELECT * FROM `blog_view_article` WHERE blar_id=34 [ RunTime:0.001175s ]
[ 2011-08-22T09:10:12+08:00 ] NOTIC: [8] Undefined variable: listHot d9a3bb55309353f40dc456c78c016cb5.php 第 126 行.
[ 2011-08-22T09:10:12+08:00 ] NOTIC: [8] Undefined variable: listOrder d9a3bb55309353f40dc456c78c016cb5.php 第 372 行.
[ 2011-08-22T09:10:13+08:00 ] ERR: (ThinkException) 非法操作favicon.ico
[ 2011-08-22T09:10:14+08:00 ] SQL: SHOW COLUMNS FROM `blog_article` [ RunTime:0.003649s ]
[ 2011-08-22T09:10:14+08:00 ] SQL: SELECT * FROM `blog_article` WHERE blar_status=3 ORDER BY blar_create_time desc LIMIT 5  [ RunTime:0.000933s ]
[ 2011-08-22T09:10:14+08:00 ] SQL: SHOW COLUMNS FROM `blog_article` [ RunTime:0.003261s ]
[ 2011-08-22T09:10:14+08:00 ] SQL: SELECT * FROM `blog_article` WHERE blar_status<>2 ORDER BY blar_clicks desc, blar_create_time desc LIMIT 10  [ RunTime:0.001046s ]
[ 2011-08-22T09:10:14+08:00 ] SQL: SHOW COLUMNS FROM `blog_article` [ RunTime:0.003361s ]
[ 2011-08-22T09:10:14+08:00 ] SQL: SELECT COUNT(*) AS tp_count FROM `blog_article` WHERE blar_status<>2 LIMIT 1  [ RunTime:0.000655s ]
[ 2011-08-22T09:10:14+08:00 ] SQL: SELECT * FROM `blog_article` WHERE blar_status<>2 ORDER BY blar_create_time desc LIMIT 0,5  [ RunTime:0.000801s ]
[ 2011-08-22T09:10:14+08:00 ] SQL: SHOW COLUMNS FROM `blog_view_ar_tags` [ RunTime:0.003552s ]
[ 2011-08-22T09:10:14+08:00 ] SQL: SELECT * FROM `blog_view_ar_tags` WHERE blar_id=36 [ RunTime:0.000859s ]
[ 2011-08-22T09:10:14+08:00 ] SQL: SHOW COLUMNS FROM `blog_view_ar_tags` [ RunTime:0.003211s ]
[ 2011-08-22T09:10:14+08:00 ] SQL: SELECT * FROM `blog_view_ar_tags` WHERE blar_id=35 [ RunTime:0.000930s ]
[ 2011-08-22T09:10:14+08:00 ] SQL: SHOW COLUMNS FROM `blog_view_ar_tags` [ RunTime:0.003242s ]
[ 2011-08-22T09:10:14+08:00 ] SQL: SELECT * FROM `blog_view_ar_tags` WHERE blar_id=34 [ RunTime:0.000913s ]
[ 2011-08-22T09:10:14+08:00 ] SQL: SHOW COLUMNS FROM `blog_view_ar_tags` [ RunTime:0.003293s ]
[ 2011-08-22T09:10:14+08:00 ] SQL: SELECT * FROM `blog_view_ar_tags` WHERE blar_id=33 [ RunTime:0.000863s ]
[ 2011-08-22T09:10:14+08:00 ] SQL: SHOW COLUMNS FROM `blog_view_ar_tags` [ RunTime:0.003491s ]
[ 2011-08-22T09:10:14+08:00 ] SQL: SELECT * FROM `blog_view_ar_tags` WHERE blar_id=32 [ RunTime:0.000885s ]
[ 2011-08-22T09:10:16+08:00 ] SQL: SHOW COLUMNS FROM `blog_view_article` [ RunTime:0.005580s ]
[ 2011-08-22T09:10:16+08:00 ] SQL: UPDATE `blog_view_article` SET `blar_clicks`=blar_clicks+1 WHERE blar_id=36 [ RunTime:0.208855s ]
[ 2011-08-22T09:10:16+08:00 ] SQL: SELECT * FROM `blog_view_article` WHERE blar_id=36 [ RunTime:0.001180s ]
[ 2011-08-22T09:10:16+08:00 ] NOTIC: [8] Undefined variable: listHot d9a3bb55309353f40dc456c78c016cb5.php 第 126 行.
[ 2011-08-22T09:10:16+08:00 ] NOTIC: [8] Undefined variable: listOrder d9a3bb55309353f40dc456c78c016cb5.php 第 372 行.
[ 2011-08-22T09:10:17+08:00 ] ERR: (ThinkException) 非法操作favicon.ico
[ 2011-08-22T09:11:14+08:00 ] SQL: SHOW COLUMNS FROM `blog_article` [ RunTime:0.003774s ]
[ 2011-08-22T09:11:14+08:00 ] SQL: SELECT * FROM `blog_article` WHERE blar_status=3 ORDER BY blar_create_time desc LIMIT 5  [ RunTime:0.000952s ]
[ 2011-08-22T09:11:14+08:00 ] SQL: SHOW COLUMNS FROM `blog_article` [ RunTime:0.003359s ]
[ 2011-08-22T09:11:14+08:00 ] SQL: SELECT * FROM `blog_article` WHERE blar_status<>2 ORDER BY blar_clicks desc, blar_create_time desc LIMIT 10  [ RunTime:0.001316s ]
[ 2011-08-22T09:11:14+08:00 ] SQL: SHOW COLUMNS FROM `blog_article` [ RunTime:0.003800s ]
[ 2011-08-22T09:11:14+08:00 ] SQL: SELECT COUNT(*) AS tp_count FROM `blog_article` WHERE blar_status<>2 LIMIT 1  [ RunTime:0.000701s ]
[ 2011-08-22T09:11:14+08:00 ] SQL: SELECT * FROM `blog_article` WHERE blar_status<>2 ORDER BY blar_create_time desc LIMIT 0,5  [ RunTime:0.000798s ]
[ 2011-08-22T09:11:14+08:00 ] SQL: SHOW COLUMNS FROM `blog_view_ar_tags` [ RunTime:0.003310s ]
[ 2011-08-22T09:11:14+08:00 ] SQL: SELECT * FROM `blog_view_ar_tags` WHERE blar_id=36 [ RunTime:0.000851s ]
[ 2011-08-22T09:11:14+08:00 ] SQL: SHOW COLUMNS FROM `blog_view_ar_tags` [ RunTime:0.003426s ]
[ 2011-08-22T09:11:14+08:00 ] SQL: SELECT * FROM `blog_view_ar_tags` WHERE blar_id=35 [ RunTime:0.000940s ]
[ 2011-08-22T09:11:14+08:00 ] SQL: SHOW COLUMNS FROM `blog_view_ar_tags` [ RunTime:0.003264s ]
[ 2011-08-22T09:11:14+08:00 ] SQL: SELECT * FROM `blog_view_ar_tags` WHERE blar_id=34 [ RunTime:0.000914s ]
[ 2011-08-22T09:11:14+08:00 ] SQL: SHOW COLUMNS FROM `blog_view_ar_tags` [ RunTime:0.003624s ]
[ 2011-08-22T09:11:14+08:00 ] SQL: SELECT * FROM `blog_view_ar_tags` WHERE blar_id=33 [ RunTime:0.000889s ]
[ 2011-08-22T09:11:14+08:00 ] SQL: SHOW COLUMNS FROM `blog_view_ar_tags` [ RunTime:0.003334s ]
[ 2011-08-22T09:11:14+08:00 ] SQL: SELECT * FROM `blog_view_ar_tags` WHERE blar_id=32 [ RunTime:0.001093s ]
[ 2011-08-22T09:11:18+08:00 ] SQL: SHOW COLUMNS FROM `blog_view_article` [ RunTime:0.005679s ]
[ 2011-08-22T09:11:18+08:00 ] SQL: UPDATE `blog_view_article` SET `blar_clicks`=blar_clicks+1 WHERE blar_id=36 [ RunTime:0.169531s ]
[ 2011-08-22T09:11:18+08:00 ] SQL: SELECT * FROM `blog_view_article` WHERE blar_id=36 [ RunTime:0.001186s ]
[ 2011-08-22T09:11:18+08:00 ] NOTIC: [8] Undefined variable: listHot d9a3bb55309353f40dc456c78c016cb5.php 第 126 行.
[ 2011-08-22T09:11:18+08:00 ] NOTIC: [8] Undefined variable: listOrder d9a3bb55309353f40dc456c78c016cb5.php 第 372 行.
[ 2011-08-22T09:11:19+08:00 ] ERR: (ThinkException) 非法操作favicon.ico
[ 2011-08-22T09:11:49+08:00 ] SQL: SHOW COLUMNS FROM `blog_article` [ RunTime:0.003483s ]
[ 2011-08-22T09:11:49+08:00 ] SQL: SELECT * FROM `blog_article` WHERE blar_status=3 ORDER BY blar_create_time desc LIMIT 5  [ RunTime:0.000951s ]
[ 2011-08-22T09:11:49+08:00 ] SQL: SHOW COLUMNS FROM `blog_article` [ RunTime:0.003313s ]
[ 2011-08-22T09:11:49+08:00 ] SQL: SELECT * FROM `blog_article` WHERE blar_status<>2 ORDER BY blar_clicks desc, blar_create_time desc LIMIT 10  [ RunTime:0.001067s ]
[ 2011-08-22T09:11:49+08:00 ] SQL: SHOW COLUMNS FROM `blog_article` [ RunTime:0.003256s ]
[ 2011-08-22T09:11:49+08:00 ] SQL: SELECT COUNT(*) AS tp_count FROM `blog_article` WHERE blar_status<>2 LIMIT 1  [ RunTime:0.000665s ]
[ 2011-08-22T09:11:49+08:00 ] SQL: SELECT * FROM `blog_article` WHERE blar_status<>2 ORDER BY blar_create_time desc LIMIT 0,5  [ RunTime:0.000789s ]
[ 2011-08-22T09:11:49+08:00 ] SQL: SHOW COLUMNS FROM `blog_view_ar_tags` [ RunTime:0.003304s ]
[ 2011-08-22T09:11:49+08:00 ] SQL: SELECT * FROM `blog_view_ar_tags` WHERE blar_id=36 [ RunTime:0.000881s ]
[ 2011-08-22T09:11:49+08:00 ] SQL: SHOW COLUMNS FROM `blog_view_ar_tags` [ RunTime:0.003429s ]
[ 2011-08-22T09:11:49+08:00 ] SQL: SELECT * FROM `blog_view_ar_tags` WHERE blar_id=35 [ RunTime:0.001139s ]
[ 2011-08-22T09:11:49+08:00 ] SQL: SHOW COLUMNS FROM `blog_view_ar_tags` [ RunTime:0.003989s ]
[ 2011-08-22T09:11:49+08:00 ] SQL: SELECT * FROM `blog_view_ar_tags` WHERE blar_id=34 [ RunTime:0.000972s ]
[ 2011-08-22T09:11:49+08:00 ] SQL: SHOW COLUMNS FROM `blog_view_ar_tags` [ RunTime:0.003597s ]
[ 2011-08-22T09:11:49+08:00 ] SQL: SELECT * FROM `blog_view_ar_tags` WHERE blar_id=33 [ RunTime:0.000917s ]
[ 2011-08-22T09:11:49+08:00 ] SQL: SHOW COLUMNS FROM `blog_view_ar_tags` [ RunTime:0.003762s ]
[ 2011-08-22T09:11:49+08:00 ] SQL: SELECT * FROM `blog_view_ar_tags` WHERE blar_id=32 [ RunTime:0.000931s ]
[ 2011-08-22T09:11:56+08:00 ] SQL: SHOW COLUMNS FROM `blog_article` [ RunTime:0.003585s ]
[ 2011-08-22T09:11:56+08:00 ] SQL: SELECT * FROM `blog_article` WHERE blar_status=3 ORDER BY blar_create_time desc LIMIT 5  [ RunTime:0.001043s ]
[ 2011-08-22T09:11:56+08:00 ] SQL: SHOW COLUMNS FROM `blog_article` [ RunTime:0.003655s ]
[ 2011-08-22T09:11:56+08:00 ] SQL: SELECT * FROM `blog_article` WHERE blar_status<>2 ORDER BY blar_clicks desc, blar_create_time desc LIMIT 10  [ RunTime:0.001435s ]
[ 2011-08-22T09:11:56+08:00 ] SQL: SHOW COLUMNS FROM `blog_article` [ RunTime:0.003525s ]
[ 2011-08-22T09:11:56+08:00 ] SQL: SELECT COUNT(*) AS tp_count FROM `blog_article` WHERE blar_status<>2 LIMIT 1  [ RunTime:0.000720s ]
[ 2011-08-22T09:11:56+08:00 ] SQL: SELECT * FROM `blog_article` WHERE blar_status<>2 ORDER BY blar_create_time desc LIMIT 25,5  [ RunTime:0.001246s ]
[ 2011-08-22T09:11:56+08:00 ] SQL: SHOW COLUMNS FROM `blog_view_ar_tags` [ RunTime:0.003962s ]
[ 2011-08-22T09:11:56+08:00 ] SQL: SELECT * FROM `blog_view_ar_tags` WHERE blar_id=11 [ RunTime:0.001195s ]
[ 2011-08-22T09:11:56+08:00 ] SQL: SHOW COLUMNS FROM `blog_view_ar_tags` [ RunTime:0.003517s ]
[ 2011-08-22T09:11:56+08:00 ] SQL: SELECT * FROM `blog_view_ar_tags` WHERE blar_id=10 [ RunTime:0.001021s ]
[ 2011-08-22T09:11:56+08:00 ] SQL: SHOW COLUMNS FROM `blog_view_ar_tags` [ RunTime:0.003247s ]
[ 2011-08-22T09:11:56+08:00 ] SQL: SELECT * FROM `blog_view_ar_tags` WHERE blar_id=9 [ RunTime:0.000948s ]
[ 2011-08-22T09:11:56+08:00 ] SQL: SHOW COLUMNS FROM `blog_view_ar_tags` [ RunTime:0.003431s ]
[ 2011-08-22T09:11:56+08:00 ] SQL: SELECT * FROM `blog_view_ar_tags` WHERE blar_id=7 [ RunTime:0.000853s ]
[ 2011-08-22T09:11:56+08:00 ] SQL: SHOW COLUMNS FROM `blog_view_ar_tags` [ RunTime:0.003249s ]
[ 2011-08-22T09:11:56+08:00 ] SQL: SELECT * FROM `blog_view_ar_tags` WHERE blar_id=6 [ RunTime:0.001135s ]
[ 2011-08-22T09:11:58+08:00 ] SQL: SHOW COLUMNS FROM `blog_view_article` [ RunTime:0.006385s ]
[ 2011-08-22T09:11:58+08:00 ] SQL: UPDATE `blog_view_article` SET `blar_clicks`=blar_clicks+1 WHERE blar_id=11 [ RunTime:0.116575s ]
[ 2011-08-22T09:11:58+08:00 ] SQL: SELECT * FROM `blog_view_article` WHERE blar_id=11 [ RunTime:0.001159s ]
[ 2011-08-22T09:11:58+08:00 ] NOTIC: [8] Undefined variable: listHot d9a3bb55309353f40dc456c78c016cb5.php 第 126 行.
[ 2011-08-22T09:11:58+08:00 ] NOTIC: [8] Undefined variable: listOrder d9a3bb55309353f40dc456c78c016cb5.php 第 372 行.
[ 2011-08-22T09:11:59+08:00 ] ERR: (ThinkException) 非法操作favicon.ico
[ 2011-08-22T09:12:02+08:00 ] SQL: SHOW COLUMNS FROM `blog_view_article` [ RunTime:0.044871s ]
[ 2011-08-22T09:12:02+08:00 ] SQL: UPDATE `blog_view_article` SET `blar_clicks`=blar_clicks+1 WHERE blar_id=10 [ RunTime:0.076022s ]
[ 2011-08-22T09:12:02+08:00 ] SQL: SELECT * FROM `blog_view_article` WHERE blar_id=10 [ RunTime:0.001233s ]
[ 2011-08-22T09:12:02+08:00 ] NOTIC: [8] Undefined variable: listHot d9a3bb55309353f40dc456c78c016cb5.php 第 126 行.
[ 2011-08-22T09:12:02+08:00 ] NOTIC: [8] Undefined variable: listOrder d9a3bb55309353f40dc456c78c016cb5.php 第 372 行.
[ 2011-08-22T09:12:03+08:00 ] ERR: (ThinkException) 非法操作favicon.ico
[ 2011-08-22T09:12:07+08:00 ] SQL: SHOW COLUMNS FROM `blog_article` [ RunTime:0.003881s ]
[ 2011-08-22T09:12:07+08:00 ] SQL: SELECT * FROM `blog_article` WHERE blar_status=3 ORDER BY blar_create_time desc LIMIT 5  [ RunTime:0.000946s ]
[ 2011-08-22T09:12:07+08:00 ] SQL: SHOW COLUMNS FROM `blog_article` [ RunTime:0.003672s ]
[ 2011-08-22T09:12:07+08:00 ] SQL: SELECT * FROM `blog_article` WHERE blar_status<>2 ORDER BY blar_clicks desc, blar_create_time desc LIMIT 10  [ RunTime:0.001112s ]
[ 2011-08-22T09:12:07+08:00 ] SQL: SHOW COLUMNS FROM `blog_article` [ RunTime:0.003888s ]
[ 2011-08-22T09:12:07+08:00 ] SQL: SELECT COUNT(*) AS tp_count FROM `blog_article` WHERE blar_status<>2 LIMIT 1  [ RunTime:0.000692s ]
[ 2011-08-22T09:12:07+08:00 ] SQL: SELECT * FROM `blog_article` WHERE blar_status<>2 ORDER BY blar_create_time desc LIMIT 0,5  [ RunTime:0.000739s ]
[ 2011-08-22T09:12:07+08:00 ] SQL: SHOW COLUMNS FROM `blog_view_ar_tags` [ RunTime:0.003682s ]
[ 2011-08-22T09:12:07+08:00 ] SQL: SELECT * FROM `blog_view_ar_tags` WHERE blar_id=36 [ RunTime:0.000878s ]
[ 2011-08-22T09:12:07+08:00 ] SQL: SHOW COLUMNS FROM `blog_view_ar_tags` [ RunTime:0.003472s ]
[ 2011-08-22T09:12:07+08:00 ] SQL: SELECT * FROM `blog_view_ar_tags` WHERE blar_id=35 [ RunTime:0.000934s ]
[ 2011-08-22T09:12:07+08:00 ] SQL: SHOW COLUMNS FROM `blog_view_ar_tags` [ RunTime:0.003366s ]
[ 2011-08-22T09:12:07+08:00 ] SQL: SELECT * FROM `blog_view_ar_tags` WHERE blar_id=34 [ RunTime:0.001079s ]
[ 2011-08-22T09:12:07+08:00 ] SQL: SHOW COLUMNS FROM `blog_view_ar_tags` [ RunTime:0.003759s ]
[ 2011-08-22T09:12:07+08:00 ] SQL: SELECT * FROM `blog_view_ar_tags` WHERE blar_id=33 [ RunTime:0.000884s ]
[ 2011-08-22T09:12:07+08:00 ] SQL: SHOW COLUMNS FROM `blog_view_ar_tags` [ RunTime:0.003388s ]
[ 2011-08-22T09:12:07+08:00 ] SQL: SELECT * FROM `blog_view_ar_tags` WHERE blar_id=32 [ RunTime:0.000901s ]
[ 2011-08-22T09:12:47+08:00 ] SQL: SHOW COLUMNS FROM `blog_article` [ RunTime:0.004070s ]
[ 2011-08-22T09:12:47+08:00 ] SQL: SELECT * FROM `blog_article` WHERE blar_status=3 ORDER BY blar_create_time desc LIMIT 5  [ RunTime:0.000950s ]
[ 2011-08-22T09:12:47+08:00 ] SQL: SHOW COLUMNS FROM `blog_view_article` [ RunTime:0.043629s ]
[ 2011-08-22T09:12:47+08:00 ] SQL: UPDATE `blog_view_article` SET `blar_clicks`=blar_clicks+1 WHERE blar_id=36 [ RunTime:0.068545s ]
[ 2011-08-22T09:12:47+08:00 ] SQL: SELECT * FROM `blog_view_article` WHERE blar_id=36 [ RunTime:0.001224s ]
[ 2011-08-22T09:12:47+08:00 ] NOTIC: [8] Undefined index: blar_content d9a3bb55309353f40dc456c78c016cb5.php 第 171 行.
[ 2011-08-22T09:12:47+08:00 ] NOTIC: [8] Undefined variable: listOrder d9a3bb55309353f40dc456c78c016cb5.php 第 372 行.
[ 2011-08-22T09:12:48+08:00 ] ERR: (ThinkException) 非法操作favicon.ico
[ 2011-08-22T09:12:58+08:00 ] SQL: SHOW COLUMNS FROM `blog_article` [ RunTime:0.003437s ]
[ 2011-08-22T09:12:58+08:00 ] SQL: SELECT * FROM `blog_article` WHERE blar_status=3 ORDER BY blar_create_time desc LIMIT 5  [ RunTime:0.000919s ]
[ 2011-08-22T09:12:58+08:00 ] SQL: SHOW COLUMNS FROM `blog_view_article` [ RunTime:0.005262s ]
[ 2011-08-22T09:12:58+08:00 ] SQL: UPDATE `blog_view_article` SET `blar_clicks`=blar_clicks+1 WHERE blar_id=36 [ RunTime:0.068855s ]
[ 2011-08-22T09:12:58+08:00 ] SQL: SELECT * FROM `blog_view_article` WHERE blar_id=36 [ RunTime:0.001215s ]
[ 2011-08-22T09:12:58+08:00 ] NOTIC: [8] Undefined index: blar_content d9a3bb55309353f40dc456c78c016cb5.php 第 171 行.
[ 2011-08-22T09:12:58+08:00 ] NOTIC: [8] Undefined variable: listOrder d9a3bb55309353f40dc456c78c016cb5.php 第 372 行.
[ 2011-08-22T09:12:59+08:00 ] ERR: (ThinkException) 非法操作favicon.ico
[ 2011-08-22T09:14:31+08:00 ] SQL: SHOW COLUMNS FROM `blog_article` [ RunTime:0.004137s ]
[ 2011-08-22T09:14:31+08:00 ] SQL: SELECT * FROM `blog_article` WHERE blar_status<>2 ORDER BY blar_clicks desc, blar_create_time desc LIMIT 10  [ RunTime:0.001452s ]
[ 2011-08-22T09:14:31+08:00 ] SQL: SHOW COLUMNS FROM `blog_view_article` [ RunTime:0.007265s ]
[ 2011-08-22T09:14:31+08:00 ] SQL: UPDATE `blog_view_article` SET `blar_clicks`=blar_clicks+1 WHERE blar_id=36 [ RunTime:0.059828s ]
[ 2011-08-22T09:14:31+08:00 ] SQL: SELECT * FROM `blog_view_article` WHERE blar_id=36 [ RunTime:0.001325s ]
[ 2011-08-22T09:14:31+08:00 ] NOTIC: [8] Undefined variable: listHot d9a3bb55309353f40dc456c78c016cb5.php 第 126 行.
[ 2011-08-22T09:14:32+08:00 ] ERR: (ThinkException) 非法操作favicon.ico
[ 2011-08-22T09:14:55+08:00 ] SQL: SHOW COLUMNS FROM `blog_article` [ RunTime:0.003603s ]
[ 2011-08-22T09:14:55+08:00 ] SQL: SELECT * FROM `blog_article` WHERE blar_status=3 ORDER BY blar_create_time desc LIMIT 5  [ RunTime:0.001110s ]
[ 2011-08-22T09:14:55+08:00 ] SQL: SHOW COLUMNS FROM `blog_article` [ RunTime:0.003468s ]
[ 2011-08-22T09:14:55+08:00 ] SQL: SELECT * FROM `blog_article` WHERE blar_status<>2 ORDER BY blar_clicks desc, blar_create_time desc LIMIT 10  [ RunTime:0.001187s ]
[ 2011-08-22T09:14:55+08:00 ] SQL: SHOW COLUMNS FROM `blog_view_article` [ RunTime:0.005697s ]
[ 2011-08-22T09:14:55+08:00 ] SQL: UPDATE `blog_view_article` SET `blar_clicks`=blar_clicks+1 WHERE blar_id=36 [ RunTime:0.096907s ]
[ 2011-08-22T09:14:55+08:00 ] SQL: SELECT * FROM `blog_view_article` WHERE blar_id=36 [ RunTime:0.001157s ]
[ 2011-08-22T09:14:55+08:00 ] NOTIC: [8] Undefined index: blar_content d9a3bb55309353f40dc456c78c016cb5.php 第 171 行.
[ 2011-08-22T09:14:56+08:00 ] ERR: (ThinkException) 非法操作favicon.ico
[ 2011-08-22T09:15:58+08:00 ] SQL: SHOW COLUMNS FROM `blog_article` [ RunTime:0.004022s ]
[ 2011-08-22T09:15:58+08:00 ] SQL: SELECT * FROM `blog_article` WHERE blar_status<>2 ORDER BY blar_clicks desc, blar_create_time desc LIMIT 10  [ RunTime:0.002604s ]
[ 2011-08-22T09:15:58+08:00 ] SQL: SHOW COLUMNS FROM `blog_view_article` [ RunTime:0.006210s ]
[ 2011-08-22T09:15:58+08:00 ] SQL: UPDATE `blog_view_article` SET `blar_clicks`=blar_clicks+1 WHERE blar_id=36 [ RunTime:0.073163s ]
[ 2011-08-22T09:15:58+08:00 ] SQL: SELECT * FROM `blog_view_article` WHERE blar_id=36 [ RunTime:0.001631s ]
[ 2011-08-22T09:15:58+08:00 ] NOTIC: [8] Undefined variable: listHot d9a3bb55309353f40dc456c78c016cb5.php 第 126 行.
[ 2011-08-22T09:15:59+08:00 ] ERR: (ThinkException) 非法操作favicon.ico
[ 2011-08-22T09:17:31+08:00 ] SQL: SHOW COLUMNS FROM `blog_article` [ RunTime:0.003701s ]
[ 2011-08-22T09:17:31+08:00 ] SQL: SELECT * FROM `blog_article` WHERE blar_status=3 ORDER BY blar_create_time desc LIMIT 5  [ RunTime:0.001123s ]
[ 2011-08-22T09:17:31+08:00 ] SQL: SHOW COLUMNS FROM `blog_article` [ RunTime:0.003376s ]
[ 2011-08-22T09:17:31+08:00 ] SQL: SELECT * FROM `blog_article` WHERE blar_status<>2 ORDER BY blar_clicks desc, blar_create_time desc LIMIT 10  [ RunTime:0.001152s ]
[ 2011-08-22T09:17:31+08:00 ] SQL: SHOW COLUMNS FROM `blog_view_article` [ RunTime:0.006155s ]
[ 2011-08-22T09:17:31+08:00 ] SQL: UPDATE `blog_view_article` SET `blar_clicks`=blar_clicks+1 WHERE blar_id=36 [ RunTime:0.091614s ]
[ 2011-08-22T09:17:31+08:00 ] SQL: SELECT * FROM `blog_view_article` WHERE blar_id=36 [ RunTime:0.001179s ]
[ 2011-08-22T09:17:32+08:00 ] ERR: (ThinkException) 非法操作favicon.ico
[ 2011-08-22T09:17:42+08:00 ] SQL: SHOW COLUMNS FROM `blog_article` [ RunTime:0.003348s ]
[ 2011-08-22T09:17:42+08:00 ] SQL: SELECT * FROM `blog_article` WHERE blar_status=3 ORDER BY blar_create_time desc LIMIT 5  [ RunTime:0.000927s ]
[ 2011-08-22T09:17:42+08:00 ] SQL: SHOW COLUMNS FROM `blog_article` [ RunTime:0.003174s ]
[ 2011-08-22T09:17:42+08:00 ] SQL: SELECT * FROM `blog_article` WHERE blar_status<>2 ORDER BY blar_clicks desc, blar_create_time desc LIMIT 10  [ RunTime:0.001084s ]
[ 2011-08-22T09:17:42+08:00 ] SQL: SHOW COLUMNS FROM `blog_view_article` [ RunTime:0.005779s ]
[ 2011-08-22T09:17:43+08:00 ] SQL: UPDATE `blog_view_article` SET `blar_clicks`=blar_clicks+1 WHERE blar_id=11 [ RunTime:0.065448s ]
[ 2011-08-22T09:17:43+08:00 ] SQL: SELECT * FROM `blog_view_article` WHERE blar_id=11 [ RunTime:0.000994s ]
[ 2011-08-22T09:17:43+08:00 ] ERR: (ThinkException) 非法操作favicon.ico
[ 2011-08-22T09:17:46+08:00 ] SQL: SHOW COLUMNS FROM `blog_article` [ RunTime:0.003540s ]
[ 2011-08-22T09:17:46+08:00 ] SQL: SELECT * FROM `blog_article` WHERE blar_status=3 ORDER BY blar_create_time desc LIMIT 5  [ RunTime:0.001090s ]
[ 2011-08-22T09:17:46+08:00 ] SQL: SHOW COLUMNS FROM `blog_article` [ RunTime:0.003304s ]
[ 2011-08-22T09:17:46+08:00 ] SQL: SELECT * FROM `blog_article` WHERE blar_status<>2 ORDER BY blar_clicks desc, blar_create_time desc LIMIT 10  [ RunTime:0.001076s ]
[ 2011-08-22T09:17:46+08:00 ] SQL: SHOW COLUMNS FROM `blog_view_article` [ RunTime:0.005603s ]
[ 2011-08-22T09:17:46+08:00 ] SQL: UPDATE `blog_view_article` SET `blar_clicks`=blar_clicks+1 WHERE blar_id=10 [ RunTime:0.067355s ]
[ 2011-08-22T09:17:46+08:00 ] SQL: SELECT * FROM `blog_view_article` WHERE blar_id=10 [ RunTime:0.001098s ]
[ 2011-08-22T09:17:47+08:00 ] ERR: (ThinkException) 非法操作favicon.ico
[ 2011-08-22T09:17:50+08:00 ] SQL: SHOW COLUMNS FROM `blog_article` [ RunTime:0.003610s ]
[ 2011-08-22T09:17:50+08:00 ] SQL: SELECT * FROM `blog_article` WHERE blar_status=3 ORDER BY blar_create_time desc LIMIT 5  [ RunTime:0.000920s ]
[ 2011-08-22T09:17:50+08:00 ] SQL: SHOW COLUMNS FROM `blog_article` [ RunTime:0.003648s ]
[ 2011-08-22T09:17:50+08:00 ] SQL: SELECT * FROM `blog_article` WHERE blar_status<>2 ORDER BY blar_clicks desc, blar_create_time desc LIMIT 10  [ RunTime:0.001077s ]
[ 2011-08-22T09:17:50+08:00 ] SQL: SHOW COLUMNS FROM `blog_view_article` [ RunTime:0.005469s ]
[ 2011-08-22T09:17:50+08:00 ] SQL: UPDATE `blog_view_article` SET `blar_clicks`=blar_clicks+1 WHERE blar_id=33 [ RunTime:0.176891s ]
[ 2011-08-22T09:17:50+08:00 ] SQL: SELECT * FROM `blog_view_article` WHERE blar_id=33 [ RunTime:0.001144s ]
[ 2011-08-22T09:17:51+08:00 ] ERR: (ThinkException) 非法操作favicon.ico
[ 2011-08-22T09:17:52+08:00 ] SQL: SHOW COLUMNS FROM `blog_article` [ RunTime:0.003705s ]
[ 2011-08-22T09:17:52+08:00 ] SQL: SELECT * FROM `blog_article` WHERE blar_status=3 ORDER BY blar_create_time desc LIMIT 5  [ RunTime:0.000881s ]
[ 2011-08-22T09:17:52+08:00 ] SQL: SHOW COLUMNS FROM `blog_article` [ RunTime:0.003144s ]
[ 2011-08-22T09:17:52+08:00 ] SQL: SELECT * FROM `blog_article` WHERE blar_status<>2 ORDER BY blar_clicks desc, blar_create_time desc LIMIT 10  [ RunTime:0.000992s ]
[ 2011-08-22T09:17:52+08:00 ] SQL: SHOW COLUMNS FROM `blog_article` [ RunTime:0.003129s ]
[ 2011-08-22T09:17:52+08:00 ] SQL: SELECT COUNT(*) AS tp_count FROM `blog_article` WHERE blar_status<>2 LIMIT 1  [ RunTime:0.000633s ]
[ 2011-08-22T09:17:52+08:00 ] SQL: SELECT * FROM `blog_article` WHERE blar_status<>2 ORDER BY blar_create_time desc LIMIT 0,5  [ RunTime:0.001067s ]
[ 2011-08-22T09:17:52+08:00 ] SQL: SHOW COLUMNS FROM `blog_view_ar_tags` [ RunTime:0.003381s ]
[ 2011-08-22T09:17:52+08:00 ] SQL: SELECT * FROM `blog_view_ar_tags` WHERE blar_id=36 [ RunTime:0.000869s ]
[ 2011-08-22T09:17:52+08:00 ] SQL: SHOW COLUMNS FROM `blog_view_ar_tags` [ RunTime:0.003137s ]
[ 2011-08-22T09:17:52+08:00 ] SQL: SELECT * FROM `blog_view_ar_tags` WHERE blar_id=35 [ RunTime:0.000973s ]
[ 2011-08-22T09:17:52+08:00 ] SQL: SHOW COLUMNS FROM `blog_view_ar_tags` [ RunTime:0.003849s ]
[ 2011-08-22T09:17:52+08:00 ] SQL: SELECT * FROM `blog_view_ar_tags` WHERE blar_id=34 [ RunTime:0.000977s ]
[ 2011-08-22T09:17:52+08:00 ] SQL: SHOW COLUMNS FROM `blog_view_ar_tags` [ RunTime:0.003204s ]
[ 2011-08-22T09:17:52+08:00 ] SQL: SELECT * FROM `blog_view_ar_tags` WHERE blar_id=33 [ RunTime:0.001044s ]
[ 2011-08-22T09:17:52+08:00 ] SQL: SHOW COLUMNS FROM `blog_view_ar_tags` [ RunTime:0.003237s ]
[ 2011-08-22T09:17:52+08:00 ] SQL: SELECT * FROM `blog_view_ar_tags` WHERE blar_id=32 [ RunTime:0.001473s ]
[ 2011-08-22T09:18:06+08:00 ] SQL: SHOW COLUMNS FROM `blog_article` [ RunTime:0.003608s ]
[ 2011-08-22T09:18:06+08:00 ] SQL: SELECT * FROM `blog_article` WHERE blar_status=3 ORDER BY blar_create_time desc LIMIT 5  [ RunTime:0.000924s ]
[ 2011-08-22T09:18:06+08:00 ] SQL: SHOW COLUMNS FROM `blog_article` [ RunTime:0.003634s ]
[ 2011-08-22T09:18:06+08:00 ] SQL: SELECT * FROM `blog_article` WHERE blar_status<>2 ORDER BY blar_clicks desc, blar_create_time desc LIMIT 10  [ RunTime:0.001322s ]
[ 2011-08-22T09:18:06+08:00 ] SQL: SHOW COLUMNS FROM `blog_article` [ RunTime:0.003375s ]
[ 2011-08-22T09:18:06+08:00 ] SQL: SELECT COUNT(*) AS tp_count FROM `blog_article` WHERE blar_status<>2 LIMIT 1  [ RunTime:0.000798s ]
[ 2011-08-22T09:18:06+08:00 ] SQL: SELECT * FROM `blog_article` WHERE blar_status<>2 ORDER BY blar_create_time desc LIMIT 0,5  [ RunTime:0.000757s ]
[ 2011-08-22T09:18:06+08:00 ] SQL: SHOW COLUMNS FROM `blog_view_ar_tags` [ RunTime:0.003387s ]
[ 2011-08-22T09:18:06+08:00 ] SQL: SELECT * FROM `blog_view_ar_tags` WHERE blar_id=36 [ RunTime:0.000852s ]
[ 2011-08-22T09:18:06+08:00 ] SQL: SHOW COLUMNS FROM `blog_view_ar_tags` [ RunTime:0.003264s ]
[ 2011-08-22T09:18:06+08:00 ] SQL: SELECT * FROM `blog_view_ar_tags` WHERE blar_id=35 [ RunTime:0.000858s ]
[ 2011-08-22T09:18:06+08:00 ] SQL: SHOW COLUMNS FROM `blog_view_ar_tags` [ RunTime:0.003524s ]
[ 2011-08-22T09:18:06+08:00 ] SQL: SELECT * FROM `blog_view_ar_tags` WHERE blar_id=34 [ RunTime:0.000895s ]
[ 2011-08-22T09:18:06+08:00 ] SQL: SHOW COLUMNS FROM `blog_view_ar_tags` [ RunTime:0.003514s ]
[ 2011-08-22T09:18:06+08:00 ] SQL: SELECT * FROM `blog_view_ar_tags` WHERE blar_id=33 [ RunTime:0.000923s ]
[ 2011-08-22T09:18:06+08:00 ] SQL: SHOW COLUMNS FROM `blog_view_ar_tags` [ RunTime:0.003942s ]
[ 2011-08-22T09:18:06+08:00 ] SQL: SELECT * FROM `blog_view_ar_tags` WHERE blar_id=32 [ RunTime:0.000989s ]
[ 2011-08-22T09:19:29+08:00 ] SQL: SHOW COLUMNS FROM `blog_article` [ RunTime:0.034164s ]
[ 2011-08-22T09:19:29+08:00 ] SQL: SELECT * FROM `blog_article` WHERE blar_status=3 ORDER BY blar_create_time desc LIMIT 5  [ RunTime:0.000929s ]
[ 2011-08-22T09:19:29+08:00 ] SQL: SHOW COLUMNS FROM `blog_article` [ RunTime:0.003467s ]
[ 2011-08-22T09:19:29+08:00 ] SQL: SELECT * FROM `blog_article` WHERE blar_status<>2 ORDER BY blar_clicks desc, blar_create_time desc LIMIT 10  [ RunTime:0.001148s ]
[ 2011-08-22T09:19:29+08:00 ] SQL: SHOW COLUMNS FROM `blog_article` [ RunTime:0.004238s ]
[ 2011-08-22T09:19:29+08:00 ] SQL: SELECT COUNT(*) AS tp_count FROM `blog_article` WHERE blar_status<>2 LIMIT 1  [ RunTime:0.000821s ]
[ 2011-08-22T09:19:29+08:00 ] SQL: SELECT * FROM `blog_article` WHERE blar_status<>2 ORDER BY blar_create_time desc LIMIT 0,5  [ RunTime:0.001125s ]
[ 2011-08-22T09:19:29+08:00 ] SQL: SHOW COLUMNS FROM `blog_view_ar_tags` [ RunTime:0.003721s ]
[ 2011-08-22T09:19:29+08:00 ] SQL: SELECT * FROM `blog_view_ar_tags` WHERE blar_id=36 [ RunTime:0.001190s ]
[ 2011-08-22T09:19:29+08:00 ] SQL: SHOW COLUMNS FROM `blog_view_ar_tags` [ RunTime:0.003906s ]
[ 2011-08-22T09:19:29+08:00 ] SQL: SELECT * FROM `blog_view_ar_tags` WHERE blar_id=35 [ RunTime:0.000960s ]
[ 2011-08-22T09:19:29+08:00 ] SQL: SHOW COLUMNS FROM `blog_view_ar_tags` [ RunTime:0.003949s ]
[ 2011-08-22T09:19:29+08:00 ] SQL: SELECT * FROM `blog_view_ar_tags` WHERE blar_id=34 [ RunTime:0.001010s ]
[ 2011-08-22T09:19:29+08:00 ] SQL: SHOW COLUMNS FROM `blog_view_ar_tags` [ RunTime:0.003586s ]
[ 2011-08-22T09:19:29+08:00 ] SQL: SELECT * FROM `blog_view_ar_tags` WHERE blar_id=33 [ RunTime:0.001126s ]
[ 2011-08-22T09:19:29+08:00 ] SQL: SHOW COLUMNS FROM `blog_view_ar_tags` [ RunTime:0.003359s ]
[ 2011-08-22T09:19:29+08:00 ] SQL: SELECT * FROM `blog_view_ar_tags` WHERE blar_id=32 [ RunTime:0.001211s ]
[ 2011-08-22T09:19:44+08:00 ] SQL: SHOW COLUMNS FROM `blog_article` [ RunTime:0.004406s ]
[ 2011-08-22T09:19:44+08:00 ] SQL: SELECT * FROM `blog_article` WHERE blar_status=3 ORDER BY blar_create_time desc LIMIT 5  [ RunTime:0.001182s ]
[ 2011-08-22T09:19:44+08:00 ] SQL: SHOW COLUMNS FROM `blog_article` [ RunTime:0.004191s ]
[ 2011-08-22T09:19:44+08:00 ] SQL: SELECT * FROM `blog_article` WHERE blar_status<>2 ORDER BY blar_clicks desc, blar_create_time desc LIMIT 10  [ RunTime:0.001322s ]
[ 2011-08-22T09:19:44+08:00 ] SQL: SHOW COLUMNS FROM `blog_article` [ RunTime:0.003990s ]
[ 2011-08-22T09:19:44+08:00 ] SQL: SELECT COUNT(*) AS tp_count FROM `blog_article` WHERE blar_status<>2 LIMIT 1  [ RunTime:0.000769s ]
[ 2011-08-22T09:19:44+08:00 ] SQL: SELECT * FROM `blog_article` WHERE blar_status<>2 ORDER BY blar_create_time desc LIMIT 0,5  [ RunTime:0.001010s ]
[ 2011-08-22T09:19:44+08:00 ] SQL: SHOW COLUMNS FROM `blog_view_ar_tags` [ RunTime:0.003711s ]
[ 2011-08-22T09:19:44+08:00 ] SQL: SELECT * FROM `blog_view_ar_tags` WHERE blar_id=36 [ RunTime:0.001283s ]
[ 2011-08-22T09:19:44+08:00 ] SQL: SHOW COLUMNS FROM `blog_view_ar_tags` [ RunTime:0.003869s ]
[ 2011-08-22T09:19:44+08:00 ] SQL: SELECT * FROM `blog_view_ar_tags` WHERE blar_id=35 [ RunTime:0.001149s ]
[ 2011-08-22T09:19:44+08:00 ] SQL: SHOW COLUMNS FROM `blog_view_ar_tags` [ RunTime:0.003798s ]
[ 2011-08-22T09:19:44+08:00 ] SQL: SELECT * FROM `blog_view_ar_tags` WHERE blar_id=34 [ RunTime:0.001312s ]
[ 2011-08-22T09:19:44+08:00 ] SQL: SHOW COLUMNS FROM `blog_view_ar_tags` [ RunTime:0.003676s ]
[ 2011-08-22T09:19:44+08:00 ] SQL: SELECT * FROM `blog_view_ar_tags` WHERE blar_id=33 [ RunTime:0.001125s ]
[ 2011-08-22T09:19:44+08:00 ] SQL: SHOW COLUMNS FROM `blog_view_ar_tags` [ RunTime:0.004006s ]
[ 2011-08-22T09:19:44+08:00 ] SQL: SELECT * FROM `blog_view_ar_tags` WHERE blar_id=32 [ RunTime:0.001066s ]
[ 2011-08-22T09:19:52+08:00 ] SQL: SHOW COLUMNS FROM `blog_article` [ RunTime:0.003665s ]
[ 2011-08-22T09:19:52+08:00 ] SQL: SELECT * FROM `blog_article` WHERE blar_status=3 ORDER BY blar_create_time desc LIMIT 5  [ RunTime:0.000897s ]
[ 2011-08-22T09:19:52+08:00 ] SQL: SHOW COLUMNS FROM `blog_article` [ RunTime:0.003841s ]
[ 2011-08-22T09:19:52+08:00 ] SQL: SELECT * FROM `blog_article` WHERE blar_status<>2 ORDER BY blar_clicks desc, blar_create_time desc LIMIT 10  [ RunTime:0.001087s ]
[ 2011-08-22T09:19:52+08:00 ] SQL: SHOW COLUMNS FROM `blog_view_article` [ RunTime:0.026797s ]
[ 2011-08-22T09:19:52+08:00 ] SQL: UPDATE `blog_view_article` SET `blar_clicks`=blar_clicks+1 WHERE blar_id=36 [ RunTime:0.053917s ]
[ 2011-08-22T09:19:52+08:00 ] SQL: SELECT * FROM `blog_view_article` WHERE blar_id=36 [ RunTime:0.001102s ]
[ 2011-08-22T09:19:53+08:00 ] ERR: (ThinkException) 非法操作favicon.ico
[ 2011-08-22T09:19:59+08:00 ] ERR: (ThinkException) 非法操作favicon.ico
[ 2011-08-22T09:20:26+08:00 ] SQL: SHOW COLUMNS FROM `blog_article` [ RunTime:0.003959s ]
[ 2011-08-22T09:20:26+08:00 ] SQL: SELECT * FROM `blog_article` WHERE blar_status=3 ORDER BY blar_create_time desc LIMIT 5  [ RunTime:0.001305s ]
[ 2011-08-22T09:20:26+08:00 ] SQL: SHOW COLUMNS FROM `blog_article` [ RunTime:0.003490s ]
[ 2011-08-22T09:20:26+08:00 ] SQL: SELECT * FROM `blog_article` WHERE blar_status<>2 ORDER BY blar_clicks desc, blar_create_time desc LIMIT 10  [ RunTime:0.001168s ]
[ 2011-08-22T09:20:26+08:00 ] SQL: SHOW COLUMNS FROM `blog_view_article` [ RunTime:0.006331s ]
[ 2011-08-22T09:20:26+08:00 ] SQL: UPDATE `blog_view_article` SET `blar_clicks`=blar_clicks+1 WHERE blar_id=36 [ RunTime:0.103080s ]
[ 2011-08-22T09:20:26+08:00 ] SQL: SELECT * FROM `blog_view_article` WHERE blar_id=36 [ RunTime:0.001449s ]
[ 2011-08-22T09:20:27+08:00 ] ERR: (ThinkException) 非法操作favicon.ico
[ 2011-08-22T09:20:28+08:00 ] ERR: (ThinkException) 非法操作favicon.ico
[ 2011-08-22T09:20:30+08:00 ] ERR: (ThinkException) 非法操作favicon.ico
[ 2011-08-22T09:20:31+08:00 ] SQL: SHOW COLUMNS FROM `blog_article` [ RunTime:0.003709s ]
[ 2011-08-22T09:20:31+08:00 ] SQL: SELECT * FROM `blog_article` WHERE blar_status=3 ORDER BY blar_create_time desc LIMIT 5  [ RunTime:0.001147s ]
[ 2011-08-22T09:20:31+08:00 ] SQL: SHOW COLUMNS FROM `blog_article` [ RunTime:0.003712s ]
[ 2011-08-22T09:20:31+08:00 ] SQL: SELECT * FROM `blog_article` WHERE blar_status<>2 ORDER BY blar_clicks desc, blar_create_time desc LIMIT 10  [ RunTime:0.001178s ]
[ 2011-08-22T09:20:31+08:00 ] SQL: SHOW COLUMNS FROM `blog_view_article` [ RunTime:0.008762s ]
[ 2011-08-22T09:20:32+08:00 ] SQL: UPDATE `blog_view_article` SET `blar_clicks`=blar_clicks+1 WHERE blar_id=36 [ RunTime:0.053874s ]
[ 2011-08-22T09:20:32+08:00 ] SQL: SELECT * FROM `blog_view_article` WHERE blar_id=36 [ RunTime:0.001372s ]
[ 2011-08-22T09:20:32+08:00 ] ERR: (ThinkException) 非法操作favicon.ico
[ 2011-08-22T09:20:34+08:00 ] ERR: (ThinkException) 非法操作favicon.ico
[ 2011-08-22T09:20:48+08:00 ] SQL: SHOW COLUMNS FROM `blog_article` [ RunTime:0.003651s ]
[ 2011-08-22T09:20:48+08:00 ] SQL: SELECT * FROM `blog_article` WHERE blar_status=3 ORDER BY blar_create_time desc LIMIT 5  [ RunTime:0.001022s ]
[ 2011-08-22T09:20:48+08:00 ] SQL: SHOW COLUMNS FROM `blog_article` [ RunTime:0.003642s ]
[ 2011-08-22T09:20:48+08:00 ] SQL: SELECT * FROM `blog_article` WHERE blar_status<>2 ORDER BY blar_clicks desc, blar_create_time desc LIMIT 10  [ RunTime:0.001353s ]
[ 2011-08-22T09:20:48+08:00 ] SQL: SHOW COLUMNS FROM `blog_view_article` [ RunTime:0.006087s ]
[ 2011-08-22T09:20:48+08:00 ] SQL: UPDATE `blog_view_article` SET `blar_clicks`=blar_clicks+1 WHERE blar_id=36 [ RunTime:0.051721s ]
[ 2011-08-22T09:20:48+08:00 ] SQL: SELECT * FROM `blog_view_article` WHERE blar_id=36 [ RunTime:0.001500s ]
[ 2011-08-22T09:20:49+08:00 ] ERR: (ThinkException) 非法操作favicon.ico
[ 2011-08-22T09:20:50+08:00 ] SQL: SHOW COLUMNS FROM `blog_article` [ RunTime:0.003413s ]
[ 2011-08-22T09:20:50+08:00 ] SQL: SELECT * FROM `blog_article` WHERE blar_status=3 ORDER BY blar_create_time desc LIMIT 5  [ RunTime:0.000868s ]
[ 2011-08-22T09:20:50+08:00 ] SQL: SHOW COLUMNS FROM `blog_article` [ RunTime:0.003210s ]
[ 2011-08-22T09:20:50+08:00 ] SQL: SELECT * FROM `blog_article` WHERE blar_status<>2 ORDER BY blar_clicks desc, blar_create_time desc LIMIT 10  [ RunTime:0.000997s ]
[ 2011-08-22T09:20:50+08:00 ] SQL: SHOW COLUMNS FROM `blog_view_article` [ RunTime:0.005689s ]
[ 2011-08-22T09:20:50+08:00 ] SQL: UPDATE `blog_view_article` SET `blar_clicks`=blar_clicks+1 WHERE blar_id=11 [ RunTime:0.058796s ]
[ 2011-08-22T09:20:50+08:00 ] SQL: SELECT * FROM `blog_view_article` WHERE blar_id=11 [ RunTime:0.000951s ]
[ 2011-08-22T09:20:50+08:00 ] ERR: (ThinkException) 非法操作favicon.ico
[ 2011-08-22T09:20:52+08:00 ] SQL: SHOW COLUMNS FROM `blog_article` [ RunTime:0.003489s ]
[ 2011-08-22T09:20:52+08:00 ] SQL: SELECT * FROM `blog_article` WHERE blar_status=3 ORDER BY blar_create_time desc LIMIT 5  [ RunTime:0.000866s ]
[ 2011-08-22T09:20:52+08:00 ] SQL: SHOW COLUMNS FROM `blog_article` [ RunTime:0.003265s ]
[ 2011-08-22T09:20:52+08:00 ] SQL: SELECT * FROM `blog_article` WHERE blar_status<>2 ORDER BY blar_clicks desc, blar_create_time desc LIMIT 10  [ RunTime:0.001017s ]
[ 2011-08-22T09:20:52+08:00 ] SQL: SHOW COLUMNS FROM `blog_view_article` [ RunTime:0.005582s ]
[ 2011-08-22T09:20:52+08:00 ] SQL: UPDATE `blog_view_article` SET `blar_clicks`=blar_clicks+1 WHERE blar_id=2 [ RunTime:0.054099s ]
[ 2011-08-22T09:20:52+08:00 ] SQL: SELECT * FROM `blog_view_article` WHERE blar_id=2 [ RunTime:0.000995s ]
[ 2011-08-22T09:20:52+08:00 ] ERR: (ThinkException) 非法操作favicon.ico
[ 2011-08-22T09:21:01+08:00 ] SQL: SHOW COLUMNS FROM `blog_article` [ RunTime:0.003574s ]
[ 2011-08-22T09:21:01+08:00 ] SQL: SELECT * FROM `blog_article` WHERE blar_status=3 ORDER BY blar_create_time desc LIMIT 5  [ RunTime:0.000920s ]
[ 2011-08-22T09:21:01+08:00 ] SQL: SHOW COLUMNS FROM `blog_article` [ RunTime:0.003340s ]
[ 2011-08-22T09:21:01+08:00 ] SQL: SELECT * FROM `blog_article` WHERE blar_status<>2 ORDER BY blar_clicks desc, blar_create_time desc LIMIT 10  [ RunTime:0.001020s ]
[ 2011-08-22T09:21:01+08:00 ] SQL: SHOW COLUMNS FROM `blog_article` [ RunTime:0.003189s ]
[ 2011-08-22T09:21:01+08:00 ] SQL: SELECT COUNT(*) AS tp_count FROM `blog_article` WHERE blar_status<>2 LIMIT 1  [ RunTime:0.000720s ]
[ 2011-08-22T09:21:01+08:00 ] SQL: SELECT * FROM `blog_article` WHERE blar_status<>2 ORDER BY blar_create_time desc LIMIT 0,5  [ RunTime:0.000782s ]
[ 2011-08-22T09:21:01+08:00 ] SQL: SHOW COLUMNS FROM `blog_view_ar_tags` [ RunTime:0.003368s ]
[ 2011-08-22T09:21:01+08:00 ] SQL: SELECT * FROM `blog_view_ar_tags` WHERE blar_id=36 [ RunTime:0.000962s ]
[ 2011-08-22T09:21:01+08:00 ] SQL: SHOW COLUMNS FROM `blog_view_ar_tags` [ RunTime:0.003408s ]
[ 2011-08-22T09:21:01+08:00 ] SQL: SELECT * FROM `blog_view_ar_tags` WHERE blar_id=35 [ RunTime:0.001050s ]
[ 2011-08-22T09:21:01+08:00 ] SQL: SHOW COLUMNS FROM `blog_view_ar_tags` [ RunTime:0.003456s ]
[ 2011-08-22T09:21:01+08:00 ] SQL: SELECT * FROM `blog_view_ar_tags` WHERE blar_id=34 [ RunTime:0.000841s ]
[ 2011-08-22T09:21:01+08:00 ] SQL: SHOW COLUMNS FROM `blog_view_ar_tags` [ RunTime:0.003682s ]
[ 2011-08-22T09:21:01+08:00 ] SQL: SELECT * FROM `blog_view_ar_tags` WHERE blar_id=33 [ RunTime:0.000900s ]
[ 2011-08-22T09:21:01+08:00 ] SQL: SHOW COLUMNS FROM `blog_view_ar_tags` [ RunTime:0.004198s ]
[ 2011-08-22T09:21:01+08:00 ] SQL: SELECT * FROM `blog_view_ar_tags` WHERE blar_id=32 [ RunTime:0.000967s ]
[ 2011-08-22T09:21:03+08:00 ] SQL: SHOW COLUMNS FROM `blog_article` [ RunTime:0.004107s ]
[ 2011-08-22T09:21:03+08:00 ] SQL: SELECT * FROM `blog_article` WHERE blar_status=3 ORDER BY blar_create_time desc LIMIT 5  [ RunTime:0.000933s ]
[ 2011-08-22T09:21:03+08:00 ] SQL: SHOW COLUMNS FROM `blog_article` [ RunTime:0.004859s ]
[ 2011-08-22T09:21:03+08:00 ] SQL: SELECT * FROM `blog_article` WHERE blar_status<>2 ORDER BY blar_clicks desc, blar_create_time desc LIMIT 10  [ RunTime:0.001243s ]
[ 2011-08-22T09:21:03+08:00 ] SQL: SHOW COLUMNS FROM `blog_view_article` [ RunTime:0.006115s ]
[ 2011-08-22T09:21:03+08:00 ] SQL: UPDATE `blog_view_article` SET `blar_clicks`=blar_clicks+1 WHERE blar_id=2 [ RunTime:0.086812s ]
[ 2011-08-22T09:21:03+08:00 ] SQL: SELECT * FROM `blog_view_article` WHERE blar_id=2 [ RunTime:0.001119s ]
[ 2011-08-22T09:21:04+08:00 ] ERR: (ThinkException) 非法操作favicon.ico
[ 2011-08-22T09:21:13+08:00 ] ERR: (ThinkException) 非法操作favicon.ico
[ 2011-08-22T09:21:14+08:00 ] ERR: (ThinkException) 非法操作favicon.ico
[ 2011-08-22T09:21:15+08:00 ] ERR: (ThinkException) 非法操作favicon.ico
[ 2011-08-22T09:21:16+08:00 ] ERR: (ThinkException) 非法操作java
[ 2011-08-22T09:21:19+08:00 ] ERR: (ThinkException) 非法操作favicon.ico
[ 2011-08-22T09:21:30+08:00 ] SQL: SHOW COLUMNS FROM `blog_article` [ RunTime:0.003792s ]
[ 2011-08-22T09:21:30+08:00 ] SQL: SELECT * FROM `blog_article` WHERE blar_status=3 ORDER BY blar_create_time desc LIMIT 5  [ RunTime:0.001287s ]
[ 2011-08-22T09:21:30+08:00 ] SQL: SHOW COLUMNS FROM `blog_article` [ RunTime:0.003444s ]
[ 2011-08-22T09:21:30+08:00 ] SQL: SELECT * FROM `blog_article` WHERE blar_status<>2 ORDER BY blar_clicks desc, blar_create_time desc LIMIT 10  [ RunTime:0.001278s ]
[ 2011-08-22T09:21:30+08:00 ] SQL: SHOW COLUMNS FROM `blog_view_article` [ RunTime:0.005604s ]
[ 2011-08-22T09:21:30+08:00 ] SQL: UPDATE `blog_view_article` SET `blar_clicks`=blar_clicks+1 WHERE blar_id=2 [ RunTime:0.104540s ]
[ 2011-08-22T09:21:30+08:00 ] SQL: SELECT * FROM `blog_view_article` WHERE blar_id=2 [ RunTime:0.001120s ]
[ 2011-08-22T09:21:31+08:00 ] ERR: (ThinkException) 非法操作favicon.ico
[ 2011-08-22T09:21:32+08:00 ] ERR: (ThinkException) 非法操作favicon.ico
[ 2011-08-22T09:21:33+08:00 ] ERR: (ThinkException) 非法操作favicon.ico
[ 2011-08-22T09:21:34+08:00 ] ERR: (ThinkException) 非法操作favicon.ico
[ 2011-08-22T09:21:37+08:00 ] ERR: (ThinkException) 非法操作favicon.ico
[ 2011-08-22T09:21:38+08:00 ] ERR: (ThinkException) 非法操作favicon.ico
[ 2011-08-22T09:21:39+08:00 ] ERR: (ThinkException) 非法操作favicon.ico
[ 2011-08-22T09:21:40+08:00 ] ERR: (ThinkException) 非法操作favicon.ico
[ 2011-08-22T09:21:41+08:00 ] ERR: (ThinkException) 非法操作favicon.ico
[ 2011-08-22T09:21:43+08:00 ] SQL: SHOW COLUMNS FROM `blog_article` [ RunTime:0.003459s ]
[ 2011-08-22T09:21:43+08:00 ] SQL: SELECT * FROM `blog_article` WHERE blar_status=3 ORDER BY blar_create_time desc LIMIT 5  [ RunTime:0.000904s ]
[ 2011-08-22T09:21:43+08:00 ] SQL: SHOW COLUMNS FROM `blog_article` [ RunTime:0.003460s ]
[ 2011-08-22T09:21:43+08:00 ] SQL: SELECT * FROM `blog_article` WHERE blar_status<>2 ORDER BY blar_clicks desc, blar_create_time desc LIMIT 10  [ RunTime:0.001075s ]
[ 2011-08-22T09:21:43+08:00 ] SQL: SHOW COLUMNS FROM `blog_view_article` [ RunTime:0.005513s ]
[ 2011-08-22T09:21:43+08:00 ] SQL: UPDATE `blog_view_article` SET `blar_clicks`=blar_clicks+1 WHERE blar_id=2 [ RunTime:0.074106s ]
[ 2011-08-22T09:21:43+08:00 ] SQL: SELECT * FROM `blog_view_article` WHERE blar_id=2 [ RunTime:0.001035s ]
[ 2011-08-22T09:21:44+08:00 ] ERR: (ThinkException) 非法操作favicon.ico
[ 2011-08-22T09:21:45+08:00 ] SQL: SHOW COLUMNS FROM `blog_article` [ RunTime:0.003395s ]
[ 2011-08-22T09:21:45+08:00 ] SQL: SELECT * FROM `blog_article` WHERE blar_status=3 ORDER BY blar_create_time desc LIMIT 5  [ RunTime:0.000874s ]
[ 2011-08-22T09:21:45+08:00 ] SQL: SHOW COLUMNS FROM `blog_article` [ RunTime:0.003444s ]
[ 2011-08-22T09:21:45+08:00 ] SQL: SELECT * FROM `blog_article` WHERE blar_status<>2 ORDER BY blar_clicks desc, blar_create_time desc LIMIT 10  [ RunTime:0.001048s ]
[ 2011-08-22T09:21:45+08:00 ] SQL: SHOW COLUMNS FROM `blog_view_article` [ RunTime:0.005231s ]
[ 2011-08-22T09:21:45+08:00 ] SQL: UPDATE `blog_view_article` SET `blar_clicks`=blar_clicks+1 WHERE blar_id=11 [ RunTime:0.090584s ]
[ 2011-08-22T09:21:45+08:00 ] SQL: SELECT * FROM `blog_view_article` WHERE blar_id=11 [ RunTime:0.000990s ]
[ 2011-08-22T09:21:46+08:00 ] ERR: (ThinkException) 非法操作favicon.ico
[ 2011-08-22T09:21:47+08:00 ] SQL: SHOW COLUMNS FROM `blog_article` [ RunTime:0.003443s ]
[ 2011-08-22T09:21:47+08:00 ] SQL: SELECT * FROM `blog_article` WHERE blar_status=3 ORDER BY blar_create_time desc LIMIT 5  [ RunTime:0.000933s ]
[ 2011-08-22T09:21:47+08:00 ] SQL: SHOW COLUMNS FROM `blog_article` [ RunTime:0.003521s ]
[ 2011-08-22T09:21:47+08:00 ] SQL: SELECT * FROM `blog_article` WHERE blar_status<>2 ORDER BY blar_clicks desc, blar_create_time desc LIMIT 10  [ RunTime:0.001182s ]
[ 2011-08-22T09:21:47+08:00 ] SQL: SHOW COLUMNS FROM `blog_article` [ RunTime:0.003496s ]
[ 2011-08-22T09:21:47+08:00 ] SQL: SELECT COUNT(*) AS tp_count FROM `blog_article` WHERE blar_status<>2 LIMIT 1  [ RunTime:0.000741s ]
[ 2011-08-22T09:21:47+08:00 ] SQL: SELECT * FROM `blog_article` WHERE blar_status<>2 ORDER BY blar_create_time desc LIMIT 0,5  [ RunTime:0.000801s ]
[ 2011-08-22T09:21:47+08:00 ] SQL: SHOW COLUMNS FROM `blog_view_ar_tags` [ RunTime:0.003422s ]
[ 2011-08-22T09:21:47+08:00 ] SQL: SELECT * FROM `blog_view_ar_tags` WHERE blar_id=36 [ RunTime:0.000877s ]
[ 2011-08-22T09:21:47+08:00 ] SQL: SHOW COLUMNS FROM `blog_view_ar_tags` [ RunTime:0.003628s ]
[ 2011-08-22T09:21:47+08:00 ] SQL: SELECT * FROM `blog_view_ar_tags` WHERE blar_id=35 [ RunTime:0.001102s ]
[ 2011-08-22T09:21:47+08:00 ] SQL: SHOW COLUMNS FROM `blog_view_ar_tags` [ RunTime:0.003444s ]
[ 2011-08-22T09:21:47+08:00 ] SQL: SELECT * FROM `blog_view_ar_tags` WHERE blar_id=34 [ RunTime:0.000861s ]
[ 2011-08-22T09:21:47+08:00 ] SQL: SHOW COLUMNS FROM `blog_view_ar_tags` [ RunTime:0.004616s ]
[ 2011-08-22T09:21:47+08:00 ] SQL: SELECT * FROM `blog_view_ar_tags` WHERE blar_id=33 [ RunTime:0.001050s ]
[ 2011-08-22T09:21:47+08:00 ] SQL: SHOW COLUMNS FROM `blog_view_ar_tags` [ RunTime:0.003578s ]
[ 2011-08-22T09:21:47+08:00 ] SQL: SELECT * FROM `blog_view_ar_tags` WHERE blar_id=32 [ RunTime:0.000984s ]
[ 2011-08-22T09:21:51+08:00 ] SQL: SHOW COLUMNS FROM `blog_article` [ RunTime:0.003707s ]
[ 2011-08-22T09:21:51+08:00 ] SQL: SELECT * FROM `blog_article` WHERE blar_status=3 ORDER BY blar_create_time desc LIMIT 5  [ RunTime:0.000911s ]
[ 2011-08-22T09:21:51+08:00 ] SQL: SHOW COLUMNS FROM `blog_article` [ RunTime:0.003805s ]
[ 2011-08-22T09:21:51+08:00 ] SQL: SELECT * FROM `blog_article` WHERE blar_status<>2 ORDER BY blar_clicks desc, blar_create_time desc LIMIT 10  [ RunTime:0.001115s ]
[ 2011-08-22T09:21:51+08:00 ] SQL: SHOW COLUMNS FROM `blog_article` [ RunTime:0.003697s ]
[ 2011-08-22T09:21:51+08:00 ] SQL: SELECT COUNT(*) AS tp_count FROM `blog_article` WHERE blar_status<>2 LIMIT 1  [ RunTime:0.000700s ]
[ 2011-08-22T09:21:51+08:00 ] SQL: SELECT * FROM `blog_article` WHERE blar_status<>2 ORDER BY blar_create_time desc LIMIT 0,5  [ RunTime:0.000873s ]
[ 2011-08-22T09:21:51+08:00 ] SQL: SHOW COLUMNS FROM `blog_view_ar_tags` [ RunTime:0.004447s ]
[ 2011-08-22T09:21:51+08:00 ] SQL: SELECT * FROM `blog_view_ar_tags` WHERE blar_id=36 [ RunTime:0.000916s ]
[ 2011-08-22T09:21:51+08:00 ] SQL: SHOW COLUMNS FROM `blog_view_ar_tags` [ RunTime:0.003284s ]
[ 2011-08-22T09:21:51+08:00 ] SQL: SELECT * FROM `blog_view_ar_tags` WHERE blar_id=35 [ RunTime:0.001099s ]
[ 2011-08-22T09:21:51+08:00 ] SQL: SHOW COLUMNS FROM `blog_view_ar_tags` [ RunTime:0.003502s ]
[ 2011-08-22T09:21:51+08:00 ] SQL: SELECT * FROM `blog_view_ar_tags` WHERE blar_id=34 [ RunTime:0.001192s ]
[ 2011-08-22T09:21:51+08:00 ] SQL: SHOW COLUMNS FROM `blog_view_ar_tags` [ RunTime:0.003645s ]
[ 2011-08-22T09:21:51+08:00 ] SQL: SELECT * FROM `blog_view_ar_tags` WHERE blar_id=33 [ RunTime:0.001064s ]
[ 2011-08-22T09:21:51+08:00 ] SQL: SHOW COLUMNS FROM `blog_view_ar_tags` [ RunTime:0.003326s ]
[ 2011-08-22T09:21:51+08:00 ] SQL: SELECT * FROM `blog_view_ar_tags` WHERE blar_id=32 [ RunTime:0.000902s ]
[ 2011-08-22T09:21:59+08:00 ] SQL: SHOW COLUMNS FROM `blog_article` [ RunTime:0.003645s ]
[ 2011-08-22T09:21:59+08:00 ] SQL: SELECT * FROM `blog_article` WHERE blar_status=3 ORDER BY blar_create_time desc LIMIT 5  [ RunTime:0.000974s ]
[ 2011-08-22T09:21:59+08:00 ] SQL: SHOW COLUMNS FROM `blog_article` [ RunTime:0.003257s ]
[ 2011-08-22T09:21:59+08:00 ] SQL: SELECT * FROM `blog_article` WHERE blar_status<>2 ORDER BY blar_clicks desc, blar_create_time desc LIMIT 10  [ RunTime:0.001021s ]
[ 2011-08-22T09:21:59+08:00 ] SQL: SHOW COLUMNS FROM `blog_view_article` [ RunTime:0.005597s ]
[ 2011-08-22T09:21:59+08:00 ] SQL: UPDATE `blog_view_article` SET `blar_clicks`=blar_clicks+1 WHERE blar_id=36 [ RunTime:0.067828s ]
[ 2011-08-22T09:21:59+08:00 ] SQL: SELECT * FROM `blog_view_article` WHERE blar_id=36 [ RunTime:0.001268s ]
[ 2011-08-22T09:21:59+08:00 ] ERR: (ThinkException) 非法操作favicon.ico
[ 2011-08-22T09:24:30+08:00 ] SQL: SHOW COLUMNS FROM `blog_article` [ RunTime:0.003444s ]
[ 2011-08-22T09:24:30+08:00 ] SQL: SELECT * FROM `blog_article` WHERE blar_status=3 ORDER BY blar_create_time desc LIMIT 5  [ RunTime:0.000884s ]
[ 2011-08-22T09:24:30+08:00 ] SQL: SHOW COLUMNS FROM `blog_article` [ RunTime:0.004179s ]
[ 2011-08-22T09:24:30+08:00 ] SQL: SELECT * FROM `blog_article` WHERE blar_status<>2 ORDER BY blar_clicks desc, blar_create_time desc LIMIT 10  [ RunTime:0.001490s ]
[ 2011-08-22T09:24:31+08:00 ] SQL: SHOW COLUMNS FROM `blog_view_article` [ RunTime:0.080312s ]
[ 2011-08-22T09:24:31+08:00 ] SQL: UPDATE `blog_view_article` SET `blar_clicks`=blar_clicks+1 WHERE blar_id=36 [ RunTime:0.177915s ]
[ 2011-08-22T09:24:31+08:00 ] SQL: SELECT * FROM `blog_view_article` WHERE blar_id=36 [ RunTime:0.001158s ]
[ 2011-08-22T09:25:40+08:00 ] SQL: SHOW COLUMNS FROM `blog_article` [ RunTime:0.004106s ]
[ 2011-08-22T09:25:40+08:00 ] SQL: SELECT * FROM `blog_article` WHERE blar_status=3 ORDER BY blar_create_time desc LIMIT 5  [ RunTime:0.001164s ]
[ 2011-08-22T09:25:40+08:00 ] SQL: SHOW COLUMNS FROM `blog_article` [ RunTime:0.004554s ]
[ 2011-08-22T09:25:40+08:00 ] SQL: SELECT * FROM `blog_article` WHERE blar_status<>2 ORDER BY blar_clicks desc, blar_create_time desc LIMIT 10  [ RunTime:0.001419s ]
[ 2011-08-22T09:25:40+08:00 ] SQL: SHOW COLUMNS FROM `blog_view_article` [ RunTime:0.009848s ]
[ 2011-08-22T09:25:40+08:00 ] SQL: UPDATE `blog_view_article` SET `blar_clicks`=blar_clicks+1 WHERE blar_id=36 [ RunTime:0.074698s ]
[ 2011-08-22T09:25:40+08:00 ] SQL: SELECT * FROM `blog_view_article` WHERE blar_id=36 [ RunTime:0.001211s ]
[ 2011-08-22T09:25:41+08:00 ] ERR: (ThinkException) 非法操作favicon.ico
[ 2011-08-22T09:25:43+08:00 ] ERR: (ThinkException) 非法操作favicon.ico
[ 2011-08-22T09:26:08+08:00 ] SQL: SHOW COLUMNS FROM `blog_article` [ RunTime:0.003628s ]
[ 2011-08-22T09:26:08+08:00 ] SQL: SELECT * FROM `blog_article` WHERE blar_status=3 ORDER BY blar_create_time desc LIMIT 5  [ RunTime:0.000870s ]
[ 2011-08-22T09:26:08+08:00 ] SQL: SHOW COLUMNS FROM `blog_article` [ RunTime:0.003115s ]
[ 2011-08-22T09:26:08+08:00 ] SQL: SELECT * FROM `blog_article` WHERE blar_status<>2 ORDER BY blar_clicks desc, blar_create_time desc LIMIT 10  [ RunTime:0.000982s ]
[ 2011-08-22T09:26:08+08:00 ] SQL: SHOW COLUMNS FROM `blog_article` [ RunTime:0.003041s ]
[ 2011-08-22T09:26:08+08:00 ] SQL: SELECT COUNT(*) AS tp_count FROM `blog_article` WHERE blar_status<>2 LIMIT 1  [ RunTime:0.000623s ]
[ 2011-08-22T09:26:08+08:00 ] SQL: SELECT * FROM `blog_article` WHERE blar_status<>2 ORDER BY blar_create_time desc LIMIT 0,5  [ RunTime:0.000812s ]
[ 2011-08-22T09:26:08+08:00 ] SQL: SHOW COLUMNS FROM `blog_view_ar_tags` [ RunTime:0.003243s ]
[ 2011-08-22T09:26:08+08:00 ] SQL: SELECT * FROM `blog_view_ar_tags` WHERE blar_id=36 [ RunTime:0.000834s ]
[ 2011-08-22T09:26:08+08:00 ] SQL: SHOW COLUMNS FROM `blog_view_ar_tags` [ RunTime:0.003275s ]
[ 2011-08-22T09:26:08+08:00 ] SQL: SELECT * FROM `blog_view_ar_tags` WHERE blar_id=35 [ RunTime:0.000805s ]
[ 2011-08-22T09:26:08+08:00 ] SQL: SHOW COLUMNS FROM `blog_view_ar_tags` [ RunTime:0.003077s ]
[ 2011-08-22T09:26:08+08:00 ] SQL: SELECT * FROM `blog_view_ar_tags` WHERE blar_id=34 [ RunTime:0.000769s ]
[ 2011-08-22T09:26:08+08:00 ] SQL: SHOW COLUMNS FROM `blog_view_ar_tags` [ RunTime:0.003567s ]
[ 2011-08-22T09:26:08+08:00 ] SQL: SELECT * FROM `blog_view_ar_tags` WHERE blar_id=33 [ RunTime:0.000904s ]
[ 2011-08-22T09:26:08+08:00 ] SQL: SHOW COLUMNS FROM `blog_view_ar_tags` [ RunTime:0.003283s ]
[ 2011-08-22T09:26:08+08:00 ] SQL: SELECT * FROM `blog_view_ar_tags` WHERE blar_id=32 [ RunTime:0.000857s ]
[ 2011-08-22T09:26:10+08:00 ] SQL: SHOW COLUMNS FROM `blog_article` [ RunTime:0.003613s ]
[ 2011-08-22T09:26:10+08:00 ] SQL: SELECT * FROM `blog_article` WHERE blar_status=3 ORDER BY blar_create_time desc LIMIT 5  [ RunTime:0.000937s ]
[ 2011-08-22T09:26:10+08:00 ] SQL: SHOW COLUMNS FROM `blog_article` [ RunTime:0.003212s ]
[ 2011-08-22T09:26:10+08:00 ] SQL: SELECT * FROM `blog_article` WHERE blar_status<>2 ORDER BY blar_clicks desc, blar_create_time desc LIMIT 10  [ RunTime:0.001101s ]
[ 2011-08-22T09:26:10+08:00 ] SQL: SHOW COLUMNS FROM `blog_article` [ RunTime:0.003299s ]
[ 2011-08-22T09:26:10+08:00 ] SQL: SELECT COUNT(*) AS tp_count FROM `blog_article` WHERE blar_status<>2 LIMIT 1  [ RunTime:0.000693s ]
[ 2011-08-22T09:26:10+08:00 ] SQL: SELECT * FROM `blog_article` WHERE blar_status<>2 ORDER BY blar_create_time desc LIMIT 0,5  [ RunTime:0.000804s ]
[ 2011-08-22T09:26:10+08:00 ] SQL: SHOW COLUMNS FROM `blog_view_ar_tags` [ RunTime:0.003371s ]
[ 2011-08-22T09:26:10+08:00 ] SQL: SELECT * FROM `blog_view_ar_tags` WHERE blar_id=36 [ RunTime:0.000886s ]
[ 2011-08-22T09:26:10+08:00 ] SQL: SHOW COLUMNS FROM `blog_view_ar_tags` [ RunTime:0.003583s ]
[ 2011-08-22T09:26:10+08:00 ] SQL: SELECT * FROM `blog_view_ar_tags` WHERE blar_id=35 [ RunTime:0.000915s ]
[ 2011-08-22T09:26:10+08:00 ] SQL: SHOW COLUMNS FROM `blog_view_ar_tags` [ RunTime:0.003205s ]
[ 2011-08-22T09:26:10+08:00 ] SQL: SELECT * FROM `blog_view_ar_tags` WHERE blar_id=34 [ RunTime:0.000850s ]
[ 2011-08-22T09:26:10+08:00 ] SQL: SHOW COLUMNS FROM `blog_view_ar_tags` [ RunTime:0.003412s ]
[ 2011-08-22T09:26:10+08:00 ] SQL: SELECT * FROM `blog_view_ar_tags` WHERE blar_id=33 [ RunTime:0.000927s ]
[ 2011-08-22T09:26:10+08:00 ] SQL: SHOW COLUMNS FROM `blog_view_ar_tags` [ RunTime:0.003526s ]
[ 2011-08-22T09:26:10+08:00 ] SQL: SELECT * FROM `blog_view_ar_tags` WHERE blar_id=32 [ RunTime:0.000917s ]
[ 2011-08-22T09:26:10+08:00 ] SQL: SHOW COLUMNS FROM `blog_article` [ RunTime:0.003631s ]
[ 2011-08-22T09:26:10+08:00 ] SQL: SELECT * FROM `blog_article` WHERE blar_status=3 ORDER BY blar_create_time desc LIMIT 5  [ RunTime:0.000883s ]
[ 2011-08-22T09:26:10+08:00 ] SQL: SHOW COLUMNS FROM `blog_article` [ RunTime:0.003218s ]
[ 2011-08-22T09:26:10+08:00 ] SQL: SELECT * FROM `blog_article` WHERE blar_status<>2 ORDER BY blar_clicks desc, blar_create_time desc LIMIT 10  [ RunTime:0.001009s ]
[ 2011-08-22T09:26:10+08:00 ] SQL: SHOW COLUMNS FROM `blog_article` [ RunTime:0.003104s ]
[ 2011-08-22T09:26:10+08:00 ] SQL: SELECT COUNT(*) AS tp_count FROM `blog_article` WHERE blar_status<>2 LIMIT 1  [ RunTime:0.000651s ]
[ 2011-08-22T09:26:10+08:00 ] SQL: SELECT * FROM `blog_article` WHERE blar_status<>2 ORDER BY blar_create_time desc LIMIT 0,5  [ RunTime:0.000701s ]
[ 2011-08-22T09:26:10+08:00 ] SQL: SHOW COLUMNS FROM `blog_view_ar_tags` [ RunTime:0.003282s ]
[ 2011-08-22T09:26:10+08:00 ] SQL: SELECT * FROM `blog_view_ar_tags` WHERE blar_id=36 [ RunTime:0.000805s ]
[ 2011-08-22T09:26:10+08:00 ] SQL: SHOW COLUMNS FROM `blog_view_ar_tags` [ RunTime:0.003971s ]
[ 2011-08-22T09:26:10+08:00 ] SQL: SELECT * FROM `blog_view_ar_tags` WHERE blar_id=35 [ RunTime:0.000869s ]
[ 2011-08-22T09:26:10+08:00 ] SQL: SHOW COLUMNS FROM `blog_view_ar_tags` [ RunTime:0.003148s ]
[ 2011-08-22T09:26:10+08:00 ] SQL: SELECT * FROM `blog_view_ar_tags` WHERE blar_id=34 [ RunTime:0.000795s ]
[ 2011-08-22T09:26:10+08:00 ] SQL: SHOW COLUMNS FROM `blog_view_ar_tags` [ RunTime:0.003283s ]
[ 2011-08-22T09:26:10+08:00 ] SQL: SELECT * FROM `blog_view_ar_tags` WHERE blar_id=33 [ RunTime:0.000836s ]
[ 2011-08-22T09:26:10+08:00 ] SQL: SHOW COLUMNS FROM `blog_view_ar_tags` [ RunTime:0.003111s ]
[ 2011-08-22T09:26:10+08:00 ] SQL: SELECT * FROM `blog_view_ar_tags` WHERE blar_id=32 [ RunTime:0.000887s ]
[ 2011-08-22T09:26:33+08:00 ] SQL: SHOW COLUMNS FROM `blog_article` [ RunTime:0.003948s ]
[ 2011-08-22T09:26:33+08:00 ] SQL: SELECT * FROM `blog_article` WHERE blar_status=3 ORDER BY blar_create_time desc LIMIT 5  [ RunTime:0.001147s ]
[ 2011-08-22T09:26:33+08:00 ] SQL: SHOW COLUMNS FROM `blog_article` [ RunTime:0.003679s ]
[ 2011-08-22T09:26:33+08:00 ] SQL: SELECT * FROM `blog_article` WHERE blar_status<>2 ORDER BY blar_clicks desc, blar_create_time desc LIMIT 10  [ RunTime:0.001174s ]
[ 2011-08-22T09:26:33+08:00 ] SQL: SHOW COLUMNS FROM `blog_article` [ RunTime:0.003726s ]
[ 2011-08-22T09:26:33+08:00 ] SQL: SELECT COUNT(*) AS tp_count FROM `blog_article` WHERE blar_status<>2 LIMIT 1  [ RunTime:0.000678s ]
[ 2011-08-22T09:26:33+08:00 ] SQL: SELECT * FROM `blog_article` WHERE blar_status<>2 ORDER BY blar_create_time desc LIMIT 0,5  [ RunTime:0.000948s ]
[ 2011-08-22T09:26:33+08:00 ] SQL: SHOW COLUMNS FROM `blog_view_ar_tags` [ RunTime:0.003604s ]
[ 2011-08-22T09:26:33+08:00 ] SQL: SELECT * FROM `blog_view_ar_tags` WHERE blar_id=36 [ RunTime:0.001074s ]
[ 2011-08-22T09:26:33+08:00 ] SQL: SHOW COLUMNS FROM `blog_view_ar_tags` [ RunTime:0.003881s ]
[ 2011-08-22T09:26:33+08:00 ] SQL: SELECT * FROM `blog_view_ar_tags` WHERE blar_id=35 [ RunTime:0.001065s ]
[ 2011-08-22T09:26:33+08:00 ] SQL: SHOW COLUMNS FROM `blog_view_ar_tags` [ RunTime:0.003861s ]
[ 2011-08-22T09:26:33+08:00 ] SQL: SELECT * FROM `blog_view_ar_tags` WHERE blar_id=34 [ RunTime:0.000881s ]
[ 2011-08-22T09:26:33+08:00 ] SQL: SHOW COLUMNS FROM `blog_view_ar_tags` [ RunTime:0.003323s ]
[ 2011-08-22T09:26:33+08:00 ] SQL: SELECT * FROM `blog_view_ar_tags` WHERE blar_id=33 [ RunTime:0.000930s ]
[ 2011-08-22T09:26:33+08:00 ] SQL: SHOW COLUMNS FROM `blog_view_ar_tags` [ RunTime:0.003293s ]
[ 2011-08-22T09:26:33+08:00 ] SQL: SELECT * FROM `blog_view_ar_tags` WHERE blar_id=32 [ RunTime:0.001051s ]
[ 2011-08-22T09:26:46+08:00 ] SQL: SHOW COLUMNS FROM `blog_article` [ RunTime:0.003657s ]
[ 2011-08-22T09:26:46+08:00 ] SQL: SELECT * FROM `blog_article` WHERE blar_status=3 ORDER BY blar_create_time desc LIMIT 5  [ RunTime:0.000915s ]
[ 2011-08-22T09:26:46+08:00 ] SQL: SHOW COLUMNS FROM `blog_article` [ RunTime:0.003751s ]
[ 2011-08-22T09:26:46+08:00 ] SQL: SELECT * FROM `blog_article` WHERE blar_status<>2 ORDER BY blar_clicks desc, blar_create_time desc LIMIT 10  [ RunTime:0.001040s ]
[ 2011-08-22T09:26:46+08:00 ] SQL: SHOW COLUMNS FROM `blog_article` [ RunTime:0.003368s ]
[ 2011-08-22T09:26:46+08:00 ] SQL: SELECT COUNT(*) AS tp_count FROM `blog_article` WHERE blar_status<>2 LIMIT 1  [ RunTime:0.001004s ]
[ 2011-08-22T09:26:46+08:00 ] SQL: SELECT * FROM `blog_article` WHERE blar_status<>2 ORDER BY blar_create_time desc LIMIT 0,5  [ RunTime:0.000812s ]
[ 2011-08-22T09:26:46+08:00 ] SQL: SHOW COLUMNS FROM `blog_view_ar_tags` [ RunTime:0.003340s ]
[ 2011-08-22T09:26:46+08:00 ] SQL: SELECT * FROM `blog_view_ar_tags` WHERE blar_id=36 [ RunTime:0.001039s ]
[ 2011-08-22T09:26:46+08:00 ] SQL: SHOW COLUMNS FROM `blog_view_ar_tags` [ RunTime:0.003323s ]
[ 2011-08-22T09:26:46+08:00 ] SQL: SELECT * FROM `blog_view_ar_tags` WHERE blar_id=35 [ RunTime:0.000871s ]
[ 2011-08-22T09:26:46+08:00 ] SQL: SHOW COLUMNS FROM `blog_view_ar_tags` [ RunTime:0.004286s ]
[ 2011-08-22T09:26:46+08:00 ] SQL: SELECT * FROM `blog_view_ar_tags` WHERE blar_id=34 [ RunTime:0.000893s ]
[ 2011-08-22T09:26:46+08:00 ] SQL: SHOW COLUMNS FROM `blog_view_ar_tags` [ RunTime:0.003255s ]
[ 2011-08-22T09:26:46+08:00 ] SQL: SELECT * FROM `blog_view_ar_tags` WHERE blar_id=33 [ RunTime:0.000871s ]
[ 2011-08-22T09:26:46+08:00 ] SQL: SHOW COLUMNS FROM `blog_view_ar_tags` [ RunTime:0.003421s ]
[ 2011-08-22T09:26:46+08:00 ] SQL: SELECT * FROM `blog_view_ar_tags` WHERE blar_id=32 [ RunTime:0.000889s ]
[ 2011-08-22T09:28:40+08:00 ] SQL: SHOW COLUMNS FROM `blog_article` [ RunTime:0.003499s ]
[ 2011-08-22T09:28:40+08:00 ] SQL: INSERT INTO `blog_article` (`blar_id`,`blar_title`,`blar_abstract`,`blar_author`,`blar_from`,`blar_clicks`,`blar_status`,`blar_create_time`,`blar_modify_time`) VALUES ('','1','1','nehnre','http://www.niehonglei.info','0','1','2011-08-22 09:28:40','2011-08-22 09:28:40') [ RunTime:0.101869s ]
[ 2011-08-22T09:28:40+08:00 ] SQL: select last_insert_id() as last [ RunTime:0.017054s ]
[ 2011-08-22T09:28:40+08:00 ] SQL: select last_insert_id() as last [ RunTime:0.000323s ]
[ 2011-08-22T09:28:40+08:00 ] NOTIC: [8192] Function split() is deprecated ArticleAction.class.php 第 27 行.
[ 2011-08-22T09:28:40+08:00 ] SQL: SHOW COLUMNS FROM `blog_tags` [ RunTime:0.003260s ]
[ 2011-08-22T09:28:40+08:00 ] SQL: SELECT * FROM `blog_tags` WHERE blta_name='1' [ RunTime:0.000606s ]
[ 2011-08-22T09:28:40+08:00 ] SQL: SHOW COLUMNS FROM `blog_article_tags` [ RunTime:0.002954s ]
[ 2011-08-22T09:28:40+08:00 ] SQL: INSERT INTO `blog_article_tags` (`blta_id`,`blar_id`) VALUES ('1','37') [ RunTime:0.052416s ]
[ 2011-08-22T09:28:40+08:00 ] SQL: SHOW COLUMNS FROM `blog_content` [ RunTime:0.002904s ]
[ 2011-08-22T09:28:40+08:00 ] SQL: INSERT INTO `blog_content` (`blar_id`,`blar_content`) VALUES ('37','1') [ RunTime:0.056549s ]
[ 2011-08-22T09:28:43+08:00 ] SQL: SHOW COLUMNS FROM `blog_article` [ RunTime:0.003383s ]
[ 2011-08-22T09:28:43+08:00 ] SQL: SELECT * FROM `blog_article` WHERE blar_status=3 ORDER BY blar_create_time desc LIMIT 5  [ RunTime:0.000894s ]
[ 2011-08-22T09:28:43+08:00 ] SQL: SHOW COLUMNS FROM `blog_article` [ RunTime:0.003466s ]
[ 2011-08-22T09:28:43+08:00 ] SQL: SELECT * FROM `blog_article` WHERE blar_status<>2 ORDER BY blar_clicks desc, blar_create_time desc LIMIT 10  [ RunTime:0.001302s ]
[ 2011-08-22T09:28:43+08:00 ] SQL: SHOW COLUMNS FROM `blog_article` [ RunTime:0.003452s ]
[ 2011-08-22T09:28:43+08:00 ] SQL: SELECT COUNT(*) AS tp_count FROM `blog_article` WHERE blar_status<>2 LIMIT 1  [ RunTime:0.000663s ]
[ 2011-08-22T09:28:43+08:00 ] SQL: SELECT * FROM `blog_article` WHERE blar_status<>2 ORDER BY blar_create_time desc LIMIT 0,5  [ RunTime:0.000746s ]
[ 2011-08-22T09:28:43+08:00 ] SQL: SHOW COLUMNS FROM `blog_view_ar_tags` [ RunTime:0.003366s ]
[ 2011-08-22T09:28:43+08:00 ] SQL: SELECT * FROM `blog_view_ar_tags` WHERE blar_id=37 [ RunTime:0.000832s ]
[ 2011-08-22T09:28:43+08:00 ] SQL: SHOW COLUMNS FROM `blog_view_ar_tags` [ RunTime:0.003350s ]
[ 2011-08-22T09:28:43+08:00 ] SQL: SELECT * FROM `blog_view_ar_tags` WHERE blar_id=36 [ RunTime:0.000854s ]
[ 2011-08-22T09:28:43+08:00 ] SQL: SHOW COLUMNS FROM `blog_view_ar_tags` [ RunTime:0.003196s ]
[ 2011-08-22T09:28:43+08:00 ] SQL: SELECT * FROM `blog_view_ar_tags` WHERE blar_id=35 [ RunTime:0.000878s ]
[ 2011-08-22T09:28:43+08:00 ] SQL: SHOW COLUMNS FROM `blog_view_ar_tags` [ RunTime:0.003529s ]
[ 2011-08-22T09:28:43+08:00 ] SQL: SELECT * FROM `blog_view_ar_tags` WHERE blar_id=34 [ RunTime:0.000881s ]
[ 2011-08-22T09:28:43+08:00 ] SQL: SHOW COLUMNS FROM `blog_view_ar_tags` [ RunTime:0.003342s ]
[ 2011-08-22T09:28:43+08:00 ] SQL: SELECT * FROM `blog_view_ar_tags` WHERE blar_id=33 [ RunTime:0.000857s ]
[ 2011-08-22T09:28:46+08:00 ] SQL: SHOW COLUMNS FROM `blog_article` [ RunTime:0.003531s ]
[ 2011-08-22T09:28:46+08:00 ] SQL: SELECT * FROM `blog_article` WHERE blar_status=3 ORDER BY blar_create_time desc LIMIT 5  [ RunTime:0.001513s ]
[ 2011-08-22T09:28:46+08:00 ] SQL: SHOW COLUMNS FROM `blog_article` [ RunTime:0.003469s ]
[ 2011-08-22T09:28:46+08:00 ] SQL: SELECT * FROM `blog_article` WHERE blar_status<>2 ORDER BY blar_clicks desc, blar_create_time desc LIMIT 10  [ RunTime:0.001137s ]
[ 2011-08-22T09:28:46+08:00 ] SQL: SHOW COLUMNS FROM `blog_view_article` [ RunTime:0.006947s ]
[ 2011-08-22T09:28:47+08:00 ] SQL: UPDATE `blog_view_article` SET `blar_clicks`=blar_clicks+1 WHERE blar_id=37 [ RunTime:0.213241s ]
[ 2011-08-22T09:28:47+08:00 ] SQL: SELECT * FROM `blog_view_article` WHERE blar_id=37 [ RunTime:0.001325s ]
[ 2011-08-22T09:28:47+08:00 ] ERR: (ThinkException) 非法操作favicon.ico
[ 2011-08-22T09:28:49+08:00 ] SQL: SHOW COLUMNS FROM `blog_article` [ RunTime:0.003607s ]
[ 2011-08-22T09:28:49+08:00 ] SQL: SELECT * FROM `blog_article` WHERE blar_status=3 ORDER BY blar_create_time desc LIMIT 5  [ RunTime:0.000928s ]
[ 2011-08-22T09:28:49+08:00 ] SQL: SHOW COLUMNS FROM `blog_article` [ RunTime:0.003343s ]
[ 2011-08-22T09:28:49+08:00 ] SQL: SELECT * FROM `blog_article` WHERE blar_status<>2 ORDER BY blar_clicks desc, blar_create_time desc LIMIT 10  [ RunTime:0.001117s ]
[ 2011-08-22T09:28:49+08:00 ] SQL: SHOW COLUMNS FROM `blog_article` [ RunTime:0.003299s ]
[ 2011-08-22T09:28:49+08:00 ] SQL: SELECT COUNT(*) AS tp_count FROM `blog_article` WHERE blar_status<>2 LIMIT 1  [ RunTime:0.000644s ]
[ 2011-08-22T09:28:49+08:00 ] SQL: SELECT * FROM `blog_article` WHERE blar_status<>2 ORDER BY blar_create_time desc LIMIT 0,5  [ RunTime:0.000730s ]
[ 2011-08-22T09:28:49+08:00 ] SQL: SHOW COLUMNS FROM `blog_view_ar_tags` [ RunTime:0.003306s ]
[ 2011-08-22T09:28:49+08:00 ] SQL: SELECT * FROM `blog_view_ar_tags` WHERE blar_id=37 [ RunTime:0.000823s ]
[ 2011-08-22T09:28:49+08:00 ] SQL: SHOW COLUMNS FROM `blog_view_ar_tags` [ RunTime:0.003256s ]
[ 2011-08-22T09:28:49+08:00 ] SQL: SELECT * FROM `blog_view_ar_tags` WHERE blar_id=36 [ RunTime:0.000928s ]
[ 2011-08-22T09:28:49+08:00 ] SQL: SHOW COLUMNS FROM `blog_view_ar_tags` [ RunTime:0.003263s ]
[ 2011-08-22T09:28:49+08:00 ] SQL: SELECT * FROM `blog_view_ar_tags` WHERE blar_id=35 [ RunTime:0.000889s ]
[ 2011-08-22T09:28:49+08:00 ] SQL: SHOW COLUMNS FROM `blog_view_ar_tags` [ RunTime:0.003666s ]
[ 2011-08-22T09:28:49+08:00 ] SQL: SELECT * FROM `blog_view_ar_tags` WHERE blar_id=34 [ RunTime:0.000948s ]
[ 2011-08-22T09:28:49+08:00 ] SQL: SHOW COLUMNS FROM `blog_view_ar_tags` [ RunTime:0.003373s ]
[ 2011-08-22T09:28:49+08:00 ] SQL: SELECT * FROM `blog_view_ar_tags` WHERE blar_id=33 [ RunTime:0.000853s ]
[ 2011-08-22T09:29:42+08:00 ] SQL: SHOW COLUMNS FROM `blog_article` [ RunTime:0.003465s ]
[ 2011-08-22T09:29:42+08:00 ] SQL: SELECT * FROM `blog_article` WHERE blar_status=3 ORDER BY blar_create_time desc LIMIT 5  [ RunTime:0.000891s ]
[ 2011-08-22T09:29:42+08:00 ] SQL: SHOW COLUMNS FROM `blog_article` [ RunTime:0.003337s ]
[ 2011-08-22T09:29:42+08:00 ] SQL: SELECT * FROM `blog_article` WHERE blar_status<>2 ORDER BY blar_clicks desc, blar_create_time desc LIMIT 10  [ RunTime:0.001060s ]
[ 2011-08-22T09:29:42+08:00 ] SQL: SHOW COLUMNS FROM `blog_article` [ RunTime:0.003961s ]
[ 2011-08-22T09:29:42+08:00 ] SQL: SELECT COUNT(*) AS tp_count FROM `blog_article` WHERE blar_status<>2 LIMIT 1  [ RunTime:0.000666s ]
[ 2011-08-22T09:29:42+08:00 ] SQL: SELECT * FROM `blog_article` WHERE blar_status<>2 ORDER BY blar_create_time desc LIMIT 0,5  [ RunTime:0.000789s ]
[ 2011-08-22T09:29:42+08:00 ] SQL: SHOW COLUMNS FROM `blog_view_ar_tags` [ RunTime:0.003643s ]
[ 2011-08-22T09:29:42+08:00 ] SQL: SELECT * FROM `blog_view_ar_tags` WHERE blar_id=37 [ RunTime:0.001052s ]
[ 2011-08-22T09:29:42+08:00 ] SQL: SHOW COLUMNS FROM `blog_view_ar_tags` [ RunTime:0.003291s ]
[ 2011-08-22T09:29:42+08:00 ] SQL: SELECT * FROM `blog_view_ar_tags` WHERE blar_id=36 [ RunTime:0.000889s ]
[ 2011-08-22T09:29:42+08:00 ] SQL: SHOW COLUMNS FROM `blog_view_ar_tags` [ RunTime:0.003452s ]
[ 2011-08-22T09:29:42+08:00 ] SQL: SELECT * FROM `blog_view_ar_tags` WHERE blar_id=35 [ RunTime:0.000832s ]
[ 2011-08-22T09:29:42+08:00 ] SQL: SHOW COLUMNS FROM `blog_view_ar_tags` [ RunTime:0.003249s ]
[ 2011-08-22T09:29:42+08:00 ] SQL: SELECT * FROM `blog_view_ar_tags` WHERE blar_id=34 [ RunTime:0.000838s ]
[ 2011-08-22T09:29:42+08:00 ] SQL: SHOW COLUMNS FROM `blog_view_ar_tags` [ RunTime:0.003594s ]
[ 2011-08-22T09:29:42+08:00 ] SQL: SELECT * FROM `blog_view_ar_tags` WHERE blar_id=33 [ RunTime:0.001082s ]
[ 2011-08-22T09:30:01+08:00 ] SQL: SHOW COLUMNS FROM `blog_article` [ RunTime:0.003568s ]
[ 2011-08-22T09:30:01+08:00 ] SQL: SELECT * FROM `blog_article` WHERE blar_status=3 ORDER BY blar_create_time desc LIMIT 5  [ RunTime:0.000911s ]
[ 2011-08-22T09:30:01+08:00 ] SQL: SHOW COLUMNS FROM `blog_article` [ RunTime:0.003368s ]
[ 2011-08-22T09:30:01+08:00 ] SQL: SELECT * FROM `blog_article` WHERE blar_status<>2 ORDER BY blar_clicks desc, blar_create_time desc LIMIT 10  [ RunTime:0.001036s ]
[ 2011-08-22T09:30:01+08:00 ] SQL: SHOW COLUMNS FROM `blog_article` [ RunTime:0.003237s ]
[ 2011-08-22T09:30:01+08:00 ] SQL: SELECT COUNT(*) AS tp_count FROM `blog_article` WHERE blar_status<>2 LIMIT 1  [ RunTime:0.000678s ]
[ 2011-08-22T09:30:01+08:00 ] SQL: SELECT * FROM `blog_article` WHERE blar_status<>2 ORDER BY blar_create_time desc LIMIT 0,5  [ RunTime:0.000735s ]
[ 2011-08-22T09:30:01+08:00 ] SQL: SHOW COLUMNS FROM `blog_view_ar_tags` [ RunTime:0.003494s ]
[ 2011-08-22T09:30:01+08:00 ] SQL: SELECT * FROM `blog_view_ar_tags` WHERE blar_id=37 [ RunTime:0.000849s ]
[ 2011-08-22T09:30:01+08:00 ] SQL: SHOW COLUMNS FROM `blog_view_ar_tags` [ RunTime:0.003642s ]
[ 2011-08-22T09:30:01+08:00 ] SQL: SELECT * FROM `blog_view_ar_tags` WHERE blar_id=36 [ RunTime:0.000864s ]
[ 2011-08-22T09:30:01+08:00 ] SQL: SHOW COLUMNS FROM `blog_view_ar_tags` [ RunTime:0.003280s ]
[ 2011-08-22T09:30:01+08:00 ] SQL: SELECT * FROM `blog_view_ar_tags` WHERE blar_id=35 [ RunTime:0.000867s ]
[ 2011-08-22T09:30:01+08:00 ] SQL: SHOW COLUMNS FROM `blog_view_ar_tags` [ RunTime:0.003545s ]
[ 2011-08-22T09:30:01+08:00 ] SQL: SELECT * FROM `blog_view_ar_tags` WHERE blar_id=34 [ RunTime:0.000948s ]
[ 2011-08-22T09:30:01+08:00 ] SQL: SHOW COLUMNS FROM `blog_view_ar_tags` [ RunTime:0.003547s ]
[ 2011-08-22T09:30:01+08:00 ] SQL: SELECT * FROM `blog_view_ar_tags` WHERE blar_id=33 [ RunTime:0.000872s ]
[ 2011-08-22T09:30:07+08:00 ] SQL: SHOW COLUMNS FROM `blog_article` [ RunTime:0.003929s ]
[ 2011-08-22T09:30:07+08:00 ] SQL: SELECT * FROM `blog_article` WHERE blar_status=3 ORDER BY blar_create_time desc LIMIT 5  [ RunTime:0.000924s ]
[ 2011-08-22T09:30:07+08:00 ] SQL: SHOW COLUMNS FROM `blog_article` [ RunTime:0.003582s ]
[ 2011-08-22T09:30:07+08:00 ] SQL: SELECT * FROM `blog_article` WHERE blar_status<>2 ORDER BY blar_clicks desc, blar_create_time desc LIMIT 10  [ RunTime:0.001033s ]
[ 2011-08-22T09:30:07+08:00 ] SQL: SHOW COLUMNS FROM `blog_article` [ RunTime:0.004268s ]
[ 2011-08-22T09:30:07+08:00 ] SQL: SELECT COUNT(*) AS tp_count FROM `blog_article` WHERE blar_status<>2 LIMIT 1  [ RunTime:0.000681s ]
[ 2011-08-22T09:30:07+08:00 ] SQL: SELECT * FROM `blog_article` WHERE blar_status<>2 ORDER BY blar_create_time desc LIMIT 0,5  [ RunTime:0.000823s ]
[ 2011-08-22T09:30:07+08:00 ] SQL: SHOW COLUMNS FROM `blog_view_ar_tags` [ RunTime:0.003389s ]
[ 2011-08-22T09:30:07+08:00 ] SQL: SELECT * FROM `blog_view_ar_tags` WHERE blar_id=37 [ RunTime:0.000917s ]
[ 2011-08-22T09:30:07+08:00 ] SQL: SHOW COLUMNS FROM `blog_view_ar_tags` [ RunTime:0.003468s ]
[ 2011-08-22T09:30:07+08:00 ] SQL: SELECT * FROM `blog_view_ar_tags` WHERE blar_id=36 [ RunTime:0.000838s ]
[ 2011-08-22T09:30:07+08:00 ] SQL: SHOW COLUMNS FROM `blog_view_ar_tags` [ RunTime:0.004462s ]
[ 2011-08-22T09:30:07+08:00 ] SQL: SELECT * FROM `blog_view_ar_tags` WHERE blar_id=35 [ RunTime:0.001144s ]
[ 2011-08-22T09:30:07+08:00 ] SQL: SHOW COLUMNS FROM `blog_view_ar_tags` [ RunTime:0.003756s ]
[ 2011-08-22T09:30:07+08:00 ] SQL: SELECT * FROM `blog_view_ar_tags` WHERE blar_id=34 [ RunTime:0.000889s ]
[ 2011-08-22T09:30:07+08:00 ] SQL: SHOW COLUMNS FROM `blog_view_ar_tags` [ RunTime:0.003290s ]
[ 2011-08-22T09:30:07+08:00 ] SQL: SELECT * FROM `blog_view_ar_tags` WHERE blar_id=33 [ RunTime:0.001049s ]
[ 2011-08-22T09:31:12+08:00 ] SQL: SHOW COLUMNS FROM `blog_article` [ RunTime:0.003446s ]
[ 2011-08-22T09:31:12+08:00 ] SQL: SELECT * FROM `blog_article` WHERE blar_status=3 ORDER BY blar_create_time desc LIMIT 5  [ RunTime:0.000956s ]
[ 2011-08-22T09:31:12+08:00 ] SQL: SHOW COLUMNS FROM `blog_article` [ RunTime:0.003546s ]
[ 2011-08-22T09:31:12+08:00 ] SQL: SELECT * FROM `blog_article` WHERE blar_status<>2 ORDER BY blar_clicks desc, blar_create_time desc LIMIT 10  [ RunTime:0.001060s ]
[ 2011-08-22T09:31:12+08:00 ] SQL: SHOW COLUMNS FROM `blog_article` [ RunTime:0.003423s ]
[ 2011-08-22T09:31:12+08:00 ] SQL: SELECT COUNT(*) AS tp_count FROM `blog_article` WHERE blar_status<>2 LIMIT 1  [ RunTime:0.000751s ]
[ 2011-08-22T09:31:12+08:00 ] SQL: SELECT * FROM `blog_article` WHERE blar_status<>2 ORDER BY blar_create_time desc LIMIT 0,5  [ RunTime:0.000835s ]
[ 2011-08-22T09:31:12+08:00 ] SQL: SHOW COLUMNS FROM `blog_view_ar_tags` [ RunTime:0.003516s ]
[ 2011-08-22T09:31:12+08:00 ] SQL: SELECT * FROM `blog_view_ar_tags` WHERE blar_id=37 [ RunTime:0.000896s ]
[ 2011-08-22T09:31:12+08:00 ] SQL: SHOW COLUMNS FROM `blog_view_ar_tags` [ RunTime:0.003860s ]
[ 2011-08-22T09:31:12+08:00 ] SQL: SELECT * FROM `blog_view_ar_tags` WHERE blar_id=36 [ RunTime:0.000843s ]
[ 2011-08-22T09:31:12+08:00 ] SQL: SHOW COLUMNS FROM `blog_view_ar_tags` [ RunTime:0.003182s ]
[ 2011-08-22T09:31:12+08:00 ] SQL: SELECT * FROM `blog_view_ar_tags` WHERE blar_id=35 [ RunTime:0.001077s ]
[ 2011-08-22T09:31:12+08:00 ] SQL: SHOW COLUMNS FROM `blog_view_ar_tags` [ RunTime:0.003552s ]
[ 2011-08-22T09:31:12+08:00 ] SQL: SELECT * FROM `blog_view_ar_tags` WHERE blar_id=34 [ RunTime:0.000998s ]
[ 2011-08-22T09:31:12+08:00 ] SQL: SHOW COLUMNS FROM `blog_view_ar_tags` [ RunTime:0.003305s ]
[ 2011-08-22T09:31:12+08:00 ] SQL: SELECT * FROM `blog_view_ar_tags` WHERE blar_id=33 [ RunTime:0.000919s ]
[ 2011-08-22T09:31:30+08:00 ] SQL: SHOW COLUMNS FROM `blog_article` [ RunTime:0.003448s ]
[ 2011-08-22T09:31:30+08:00 ] SQL: SELECT * FROM `blog_article` WHERE blar_status=3 ORDER BY blar_create_time desc LIMIT 5  [ RunTime:0.000880s ]
[ 2011-08-22T09:31:30+08:00 ] SQL: SHOW COLUMNS FROM `blog_article` [ RunTime:0.003412s ]
[ 2011-08-22T09:31:30+08:00 ] SQL: SELECT * FROM `blog_article` WHERE blar_status<>2 ORDER BY blar_clicks desc, blar_create_time desc LIMIT 10  [ RunTime:0.001049s ]
[ 2011-08-22T09:31:30+08:00 ] SQL: SHOW COLUMNS FROM `blog_article` [ RunTime:0.003293s ]
[ 2011-08-22T09:31:30+08:00 ] SQL: SELECT COUNT(*) AS tp_count FROM `blog_article` WHERE blar_status<>2 LIMIT 1  [ RunTime:0.000661s ]
[ 2011-08-22T09:31:30+08:00 ] SQL: SELECT * FROM `blog_article` WHERE blar_status<>2 ORDER BY blar_create_time desc LIMIT 0,5  [ RunTime:0.000813s ]
[ 2011-08-22T09:31:30+08:00 ] SQL: SHOW COLUMNS FROM `blog_view_ar_tags` [ RunTime:0.003530s ]
[ 2011-08-22T09:31:30+08:00 ] SQL: SELECT * FROM `blog_view_ar_tags` WHERE blar_id=37 [ RunTime:0.000848s ]
[ 2011-08-22T09:31:30+08:00 ] SQL: SHOW COLUMNS FROM `blog_view_ar_tags` [ RunTime:0.003283s ]
[ 2011-08-22T09:31:30+08:00 ] SQL: SELECT * FROM `blog_view_ar_tags` WHERE blar_id=36 [ RunTime:0.000918s ]
[ 2011-08-22T09:31:30+08:00 ] SQL: SHOW COLUMNS FROM `blog_view_ar_tags` [ RunTime:0.003527s ]
[ 2011-08-22T09:31:30+08:00 ] SQL: SELECT * FROM `blog_view_ar_tags` WHERE blar_id=35 [ RunTime:0.001061s ]
[ 2011-08-22T09:31:30+08:00 ] SQL: SHOW COLUMNS FROM `blog_view_ar_tags` [ RunTime:0.003343s ]
[ 2011-08-22T09:31:30+08:00 ] SQL: SELECT * FROM `blog_view_ar_tags` WHERE blar_id=34 [ RunTime:0.000899s ]
[ 2011-08-22T09:31:30+08:00 ] SQL: SHOW COLUMNS FROM `blog_view_ar_tags` [ RunTime:0.003217s ]
[ 2011-08-22T09:31:30+08:00 ] SQL: SELECT * FROM `blog_view_ar_tags` WHERE blar_id=33 [ RunTime:0.000965s ]
[ 2011-08-22T09:31:59+08:00 ] SQL: SHOW COLUMNS FROM `blog_article` [ RunTime:0.003980s ]
[ 2011-08-22T09:31:59+08:00 ] SQL: SELECT * FROM `blog_article` WHERE blar_status=3 ORDER BY blar_create_time desc LIMIT 5  [ RunTime:0.000985s ]
[ 2011-08-22T09:31:59+08:00 ] SQL: SHOW COLUMNS FROM `blog_article` [ RunTime:0.003400s ]
[ 2011-08-22T09:31:59+08:00 ] SQL: SELECT * FROM `blog_article` WHERE blar_status<>2 ORDER BY blar_clicks desc, blar_create_time desc LIMIT 10  [ RunTime:0.001019s ]
[ 2011-08-22T09:31:59+08:00 ] SQL: SHOW COLUMNS FROM `blog_article` [ RunTime:0.003928s ]
[ 2011-08-22T09:31:59+08:00 ] SQL: SELECT COUNT(*) AS tp_count FROM `blog_article` WHERE blar_status<>2 LIMIT 1  [ RunTime:0.000679s ]
[ 2011-08-22T09:31:59+08:00 ] SQL: SELECT * FROM `blog_article` WHERE blar_status<>2 ORDER BY blar_create_time desc LIMIT 0,5  [ RunTime:0.000758s ]
[ 2011-08-22T09:31:59+08:00 ] SQL: SHOW COLUMNS FROM `blog_view_ar_tags` [ RunTime:0.003315s ]
[ 2011-08-22T09:31:59+08:00 ] SQL: SELECT * FROM `blog_view_ar_tags` WHERE blar_id=37 [ RunTime:0.000838s ]
[ 2011-08-22T09:31:59+08:00 ] SQL: SHOW COLUMNS FROM `blog_view_ar_tags` [ RunTime:0.003487s ]
[ 2011-08-22T09:31:59+08:00 ] SQL: SELECT * FROM `blog_view_ar_tags` WHERE blar_id=36 [ RunTime:0.000851s ]
[ 2011-08-22T09:31:59+08:00 ] SQL: SHOW COLUMNS FROM `blog_view_ar_tags` [ RunTime:0.003197s ]
[ 2011-08-22T09:31:59+08:00 ] SQL: SELECT * FROM `blog_view_ar_tags` WHERE blar_id=35 [ RunTime:0.000868s ]
[ 2011-08-22T09:31:59+08:00 ] SQL: SHOW COLUMNS FROM `blog_view_ar_tags` [ RunTime:0.003301s ]
[ 2011-08-22T09:31:59+08:00 ] SQL: SELECT * FROM `blog_view_ar_tags` WHERE blar_id=34 [ RunTime:0.001127s ]
[ 2011-08-22T09:31:59+08:00 ] SQL: SHOW COLUMNS FROM `blog_view_ar_tags` [ RunTime:0.003783s ]
[ 2011-08-22T09:31:59+08:00 ] SQL: SELECT * FROM `blog_view_ar_tags` WHERE blar_id=33 [ RunTime:0.000874s ]
[ 2011-08-22T09:32:01+08:00 ] SQL: SHOW COLUMNS FROM `blog_article` [ RunTime:0.003640s ]
[ 2011-08-22T09:32:01+08:00 ] SQL: SELECT * FROM `blog_article` WHERE blar_status=3 ORDER BY blar_create_time desc LIMIT 5  [ RunTime:0.000940s ]
[ 2011-08-22T09:32:01+08:00 ] SQL: SHOW COLUMNS FROM `blog_article` [ RunTime:0.003408s ]
[ 2011-08-22T09:32:01+08:00 ] SQL: SELECT * FROM `blog_article` WHERE blar_status<>2 ORDER BY blar_clicks desc, blar_create_time desc LIMIT 10  [ RunTime:0.001084s ]
[ 2011-08-22T09:32:01+08:00 ] SQL: SHOW COLUMNS FROM `blog_article` [ RunTime:0.004183s ]
[ 2011-08-22T09:32:01+08:00 ] SQL: SELECT COUNT(*) AS tp_count FROM `blog_article` WHERE blar_status<>2 LIMIT 1  [ RunTime:0.000713s ]
[ 2011-08-22T09:32:01+08:00 ] SQL: SELECT * FROM `blog_article` WHERE blar_status<>2 ORDER BY blar_create_time desc LIMIT 0,5  [ RunTime:0.000732s ]
[ 2011-08-22T09:32:01+08:00 ] SQL: SHOW COLUMNS FROM `blog_view_ar_tags` [ RunTime:0.003387s ]
[ 2011-08-22T09:32:01+08:00 ] SQL: SELECT * FROM `blog_view_ar_tags` WHERE blar_id=37 [ RunTime:0.000865s ]
[ 2011-08-22T09:32:01+08:00 ] SQL: SHOW COLUMNS FROM `blog_view_ar_tags` [ RunTime:0.003258s ]
[ 2011-08-22T09:32:01+08:00 ] SQL: SELECT * FROM `blog_view_ar_tags` WHERE blar_id=36 [ RunTime:0.000943s ]
[ 2011-08-22T09:32:01+08:00 ] SQL: SHOW COLUMNS FROM `blog_view_ar_tags` [ RunTime:0.003522s ]
[ 2011-08-22T09:32:01+08:00 ] SQL: SELECT * FROM `blog_view_ar_tags` WHERE blar_id=35 [ RunTime:0.000833s ]
[ 2011-08-22T09:32:01+08:00 ] SQL: SHOW COLUMNS FROM `blog_view_ar_tags` [ RunTime:0.003348s ]
[ 2011-08-22T09:32:01+08:00 ] SQL: SELECT * FROM `blog_view_ar_tags` WHERE blar_id=34 [ RunTime:0.000843s ]
[ 2011-08-22T09:32:01+08:00 ] SQL: SHOW COLUMNS FROM `blog_view_ar_tags` [ RunTime:0.003290s ]
[ 2011-08-22T09:32:01+08:00 ] SQL: SELECT * FROM `blog_view_ar_tags` WHERE blar_id=33 [ RunTime:0.001166s ]
[ 2011-08-22T09:32:03+08:00 ] SQL: SHOW COLUMNS FROM `blog_article` [ RunTime:0.003783s ]
[ 2011-08-22T09:32:03+08:00 ] SQL: SELECT * FROM `blog_article` WHERE blar_status=3 ORDER BY blar_create_time desc LIMIT 5  [ RunTime:0.000909s ]
[ 2011-08-22T09:32:03+08:00 ] SQL: SHOW COLUMNS FROM `blog_article` [ RunTime:0.003495s ]
[ 2011-08-22T09:32:03+08:00 ] SQL: SELECT * FROM `blog_article` WHERE blar_status<>2 ORDER BY blar_clicks desc, blar_create_time desc LIMIT 10  [ RunTime:0.001048s ]
[ 2011-08-22T09:32:03+08:00 ] SQL: SHOW COLUMNS FROM `blog_article` [ RunTime:0.003443s ]
[ 2011-08-22T09:32:03+08:00 ] SQL: SELECT COUNT(*) AS tp_count FROM `blog_article` WHERE blar_status<>2 LIMIT 1  [ RunTime:0.000683s ]
[ 2011-08-22T09:32:03+08:00 ] SQL: SELECT * FROM `blog_article` WHERE blar_status<>2 ORDER BY blar_create_time desc LIMIT 0,5  [ RunTime:0.000930s ]
[ 2011-08-22T09:32:03+08:00 ] SQL: SHOW COLUMNS FROM `blog_view_ar_tags` [ RunTime:0.003415s ]
[ 2011-08-22T09:32:03+08:00 ] SQL: SELECT * FROM `blog_view_ar_tags` WHERE blar_id=37 [ RunTime:0.000832s ]
[ 2011-08-22T09:32:03+08:00 ] SQL: SHOW COLUMNS FROM `blog_view_ar_tags` [ RunTime:0.003352s ]
[ 2011-08-22T09:32:03+08:00 ] SQL: SELECT * FROM `blog_view_ar_tags` WHERE blar_id=36 [ RunTime:0.001229s ]
[ 2011-08-22T09:32:03+08:00 ] SQL: SHOW COLUMNS FROM `blog_view_ar_tags` [ RunTime:0.003504s ]
[ 2011-08-22T09:32:03+08:00 ] SQL: SELECT * FROM `blog_view_ar_tags` WHERE blar_id=35 [ RunTime:0.000852s ]
[ 2011-08-22T09:32:03+08:00 ] SQL: SHOW COLUMNS FROM `blog_view_ar_tags` [ RunTime:0.003300s ]
[ 2011-08-22T09:32:03+08:00 ] SQL: SELECT * FROM `blog_view_ar_tags` WHERE blar_id=34 [ RunTime:0.000799s ]
[ 2011-08-22T09:32:03+08:00 ] SQL: SHOW COLUMNS FROM `blog_view_ar_tags` [ RunTime:0.003264s ]
[ 2011-08-22T09:32:03+08:00 ] SQL: SELECT * FROM `blog_view_ar_tags` WHERE blar_id=33 [ RunTime:0.000931s ]
[ 2011-08-22T09:32:08+08:00 ] SQL: SHOW COLUMNS FROM `blog_article` [ RunTime:0.003694s ]
[ 2011-08-22T09:32:08+08:00 ] SQL: SELECT * FROM `blog_article` WHERE blar_status=3 ORDER BY blar_create_time desc LIMIT 5  [ RunTime:0.000913s ]
[ 2011-08-22T09:32:08+08:00 ] SQL: SHOW COLUMNS FROM `blog_article` [ RunTime:0.003545s ]
[ 2011-08-22T09:32:08+08:00 ] SQL: SELECT * FROM `blog_article` WHERE blar_status<>2 ORDER BY blar_clicks desc, blar_create_time desc LIMIT 10  [ RunTime:0.001025s ]
[ 2011-08-22T09:32:09+08:00 ] SQL: SHOW COLUMNS FROM `blog_view_article` [ RunTime:0.056847s ]
[ 2011-08-22T09:32:09+08:00 ] SQL: UPDATE `blog_view_article` SET `blar_clicks`=blar_clicks+1 WHERE blar_id=37 [ RunTime:0.070775s ]
[ 2011-08-22T09:32:09+08:00 ] SQL: SELECT * FROM `blog_view_article` WHERE blar_id=37 [ RunTime:0.001018s ]
[ 2011-08-22T09:32:09+08:00 ] ERR: (ThinkException) 非法操作favicon.ico
[ 2011-08-22T09:32:12+08:00 ] SQL: SHOW COLUMNS FROM `blog_article` [ RunTime:0.004093s ]
[ 2011-08-22T09:32:12+08:00 ] SQL: SELECT * FROM `blog_article` WHERE blar_status=3 ORDER BY blar_create_time desc LIMIT 5  [ RunTime:0.000937s ]
[ 2011-08-22T09:32:12+08:00 ] SQL: SHOW COLUMNS FROM `blog_article` [ RunTime:0.003541s ]
[ 2011-08-22T09:32:12+08:00 ] SQL: SELECT * FROM `blog_article` WHERE blar_status<>2 ORDER BY blar_clicks desc, blar_create_time desc LIMIT 10  [ RunTime:0.001032s ]
[ 2011-08-22T09:32:12+08:00 ] SQL: SHOW COLUMNS FROM `blog_article` [ RunTime:0.003616s ]
[ 2011-08-22T09:32:12+08:00 ] SQL: SELECT COUNT(*) AS tp_count FROM `blog_article` WHERE blar_status<>2 LIMIT 1  [ RunTime:0.000843s ]
[ 2011-08-22T09:32:12+08:00 ] SQL: SELECT * FROM `blog_article` WHERE blar_status<>2 ORDER BY blar_create_time desc LIMIT 0,5  [ RunTime:0.000878s ]
[ 2011-08-22T09:32:12+08:00 ] SQL: SHOW COLUMNS FROM `blog_view_ar_tags` [ RunTime:0.003486s ]
[ 2011-08-22T09:32:12+08:00 ] SQL: SELECT * FROM `blog_view_ar_tags` WHERE blar_id=37 [ RunTime:0.000851s ]
[ 2011-08-22T09:32:12+08:00 ] SQL: SHOW COLUMNS FROM `blog_view_ar_tags` [ RunTime:0.003438s ]
[ 2011-08-22T09:32:12+08:00 ] SQL: SELECT * FROM `blog_view_ar_tags` WHERE blar_id=36 [ RunTime:0.000902s ]
[ 2011-08-22T09:32:12+08:00 ] SQL: SHOW COLUMNS FROM `blog_view_ar_tags` [ RunTime:0.003353s ]
[ 2011-08-22T09:32:12+08:00 ] SQL: SELECT * FROM `blog_view_ar_tags` WHERE blar_id=35 [ RunTime:0.000890s ]
[ 2011-08-22T09:32:12+08:00 ] SQL: SHOW COLUMNS FROM `blog_view_ar_tags` [ RunTime:0.003403s ]
[ 2011-08-22T09:32:12+08:00 ] SQL: SELECT * FROM `blog_view_ar_tags` WHERE blar_id=34 [ RunTime:0.000844s ]
[ 2011-08-22T09:32:12+08:00 ] SQL: SHOW COLUMNS FROM `blog_view_ar_tags` [ RunTime:0.003957s ]
[ 2011-08-22T09:32:12+08:00 ] SQL: SELECT * FROM `blog_view_ar_tags` WHERE blar_id=33 [ RunTime:0.001080s ]
[ 2011-08-22T09:32:21+08:00 ] SQL: SHOW COLUMNS FROM `blog_article` [ RunTime:0.004049s ]
[ 2011-08-22T09:32:21+08:00 ] SQL: SELECT * FROM `blog_article` WHERE blar_status=3 ORDER BY blar_create_time desc LIMIT 5  [ RunTime:0.000921s ]
[ 2011-08-22T09:32:21+08:00 ] SQL: SHOW COLUMNS FROM `blog_article` [ RunTime:0.003531s ]
[ 2011-08-22T09:32:21+08:00 ] SQL: SELECT * FROM `blog_article` WHERE blar_status<>2 ORDER BY blar_clicks desc, blar_create_time desc LIMIT 10  [ RunTime:0.001031s ]
[ 2011-08-22T09:32:21+08:00 ] SQL: SHOW COLUMNS FROM `blog_view_article` [ RunTime:0.005688s ]
[ 2011-08-22T09:32:21+08:00 ] SQL: UPDATE `blog_view_article` SET `blar_clicks`=blar_clicks+1 WHERE blar_id=36 [ RunTime:0.055885s ]
[ 2011-08-22T09:32:21+08:00 ] SQL: SELECT * FROM `blog_view_article` WHERE blar_id=36 [ RunTime:0.001174s ]
[ 2011-08-22T09:32:21+08:00 ] ERR: (ThinkException) 非法操作favicon.ico
[ 2011-08-22T09:32:28+08:00 ] SQL: SHOW COLUMNS FROM `blog_article` [ RunTime:0.003661s ]
[ 2011-08-22T09:32:28+08:00 ] SQL: SELECT * FROM `blog_article` WHERE blar_status=3 ORDER BY blar_create_time desc LIMIT 5  [ RunTime:0.000876s ]
[ 2011-08-22T09:32:28+08:00 ] SQL: SHOW COLUMNS FROM `blog_article` [ RunTime:0.003723s ]
[ 2011-08-22T09:32:28+08:00 ] SQL: SELECT * FROM `blog_article` WHERE blar_status<>2 ORDER BY blar_clicks desc, blar_create_time desc LIMIT 10  [ RunTime:0.001038s ]
[ 2011-08-22T09:32:28+08:00 ] SQL: SHOW COLUMNS FROM `blog_article` [ RunTime:0.003702s ]
[ 2011-08-22T09:32:28+08:00 ] SQL: SELECT COUNT(*) AS tp_count FROM `blog_article` WHERE blar_status<>2 LIMIT 1  [ RunTime:0.000710s ]
[ 2011-08-22T09:32:28+08:00 ] SQL: SELECT * FROM `blog_article` WHERE blar_status<>2 ORDER BY blar_create_time desc LIMIT 0,5  [ RunTime:0.000940s ]
[ 2011-08-22T09:32:28+08:00 ] SQL: SHOW COLUMNS FROM `blog_view_ar_tags` [ RunTime:0.003492s ]
[ 2011-08-22T09:32:28+08:00 ] SQL: SELECT * FROM `blog_view_ar_tags` WHERE blar_id=37 [ RunTime:0.000854s ]
[ 2011-08-22T09:32:28+08:00 ] SQL: SHOW COLUMNS FROM `blog_view_ar_tags` [ RunTime:0.003158s ]
[ 2011-08-22T09:32:28+08:00 ] SQL: SELECT * FROM `blog_view_ar_tags` WHERE blar_id=36 [ RunTime:0.000788s ]
[ 2011-08-22T09:32:28+08:00 ] SQL: SHOW COLUMNS FROM `blog_view_ar_tags` [ RunTime:0.003307s ]
[ 2011-08-22T09:32:28+08:00 ] SQL: SELECT * FROM `blog_view_ar_tags` WHERE blar_id=35 [ RunTime:0.001267s ]
[ 2011-08-22T09:32:28+08:00 ] SQL: SHOW COLUMNS FROM `blog_view_ar_tags` [ RunTime:0.004142s ]
[ 2011-08-22T09:32:28+08:00 ] SQL: SELECT * FROM `blog_view_ar_tags` WHERE blar_id=34 [ RunTime:0.000924s ]
[ 2011-08-22T09:32:28+08:00 ] SQL: SHOW COLUMNS FROM `blog_view_ar_tags` [ RunTime:0.003774s ]
[ 2011-08-22T09:32:28+08:00 ] SQL: SELECT * FROM `blog_view_ar_tags` WHERE blar_id=33 [ RunTime:0.001091s ]
[ 2011-08-22T09:32:31+08:00 ] SQL: SHOW COLUMNS FROM `blog_article` [ RunTime:0.003747s ]
[ 2011-08-22T09:32:31+08:00 ] SQL: SELECT * FROM `blog_article` WHERE blar_status=3 ORDER BY blar_create_time desc LIMIT 5  [ RunTime:0.000949s ]
[ 2011-08-22T09:32:31+08:00 ] SQL: SHOW COLUMNS FROM `blog_article` [ RunTime:0.003598s ]
[ 2011-08-22T09:32:31+08:00 ] SQL: SELECT * FROM `blog_article` WHERE blar_status<>2 ORDER BY blar_clicks desc, blar_create_time desc LIMIT 10  [ RunTime:0.001055s ]
[ 2011-08-22T09:32:31+08:00 ] SQL: SHOW COLUMNS FROM `blog_view_article` [ RunTime:0.006340s ]
[ 2011-08-22T09:32:31+08:00 ] SQL: UPDATE `blog_view_article` SET `blar_clicks`=blar_clicks+1 WHERE blar_id=2 [ RunTime:0.125040s ]
[ 2011-08-22T09:32:31+08:00 ] SQL: SELECT * FROM `blog_view_article` WHERE blar_id=2 [ RunTime:0.001100s ]
[ 2011-08-22T09:32:31+08:00 ] ERR: (ThinkException) 非法操作favicon.ico
