[ 2011-08-14T20:37:30+08:00 ] SQL: SHOW COLUMNS FROM `think_demo` [ RunTime:0.101879s ]
[ 2011-08-14T20:37:30+08:00 ] SQL: SELECT * FROM `think_demo` [ RunTime:0.000768s ]
[ 2011-08-14T20:37:36+08:00 ] SQL: SHOW COLUMNS FROM `think_demo` [ RunTime:0.003137s ]
[ 2011-08-14T20:37:36+08:00 ] SQL: SELECT * FROM `think_demo` [ RunTime:0.000810s ]
[ 2011-08-14T20:39:34+08:00 ] SQL: SHOW COLUMNS FROM `think_demo` [ RunTime:0.004169s ]
[ 2011-08-14T20:39:34+08:00 ] SQL: SELECT * FROM `think_demo` [ RunTime:0.000537s ]
[ 2011-08-14T20:44:35+08:00 ] ERR: (ThinkException) 非法操作index.html
[ 2011-08-14T20:44:40+08:00 ] ERR: (ThinkException) Access denied for user 'nehnre'@'localhost' (using password: YES)
[ 2011-08-14T20:45:56+08:00 ] SQL: SHOW COLUMNS FROM `think_demo` [ RunTime:0.007396s ]
[ 2011-08-14T20:45:56+08:00 ] SQL: SELECT * FROM `think_demo` [ RunTime:0.000592s ]
[ 2011-08-14T20:45:56+08:00 ] ERR: (ThinkException) 非法操作images
[ 2011-08-14T20:45:56+08:00 ] ERR: (ThinkException) 非法操作js
[ 2011-08-14T20:45:56+08:00 ] ERR: (ThinkException) 非法操作js
[ 2011-08-14T20:45:56+08:00 ] ERR: (ThinkException) 非法操作images
[ 2011-08-14T20:45:56+08:00 ] ERR: (ThinkException) 非法操作images
[ 2011-08-14T20:45:56+08:00 ] ERR: (ThinkException) 非法操作images
[ 2011-08-14T20:45:57+08:00 ] ERR: (ThinkException) 非法操作images
[ 2011-08-14T20:45:57+08:00 ] ERR: (ThinkException) 非法操作images
[ 2011-08-14T20:45:57+08:00 ] ERR: (ThinkException) 非法操作images
[ 2011-08-14T20:45:57+08:00 ] ERR: (ThinkException) 非法操作images
[ 2011-08-14T20:45:57+08:00 ] ERR: (ThinkException) 非法操作images
[ 2011-08-14T20:45:57+08:00 ] ERR: (ThinkException) 非法操作images
[ 2011-08-14T20:45:57+08:00 ] ERR: (ThinkException) 非法操作images
[ 2011-08-14T20:45:57+08:00 ] ERR: (ThinkException) 非法操作images
[ 2011-08-14T20:45:57+08:00 ] ERR: (ThinkException) 非法操作images
[ 2011-08-14T20:45:57+08:00 ] ERR: (ThinkException) 非法操作images
[ 2011-08-14T20:45:57+08:00 ] ERR: (ThinkException) 非法操作images
[ 2011-08-14T20:45:57+08:00 ] ERR: (ThinkException) 非法操作images
[ 2011-08-14T20:45:57+08:00 ] ERR: (ThinkException) 非法操作images
[ 2011-08-14T20:45:57+08:00 ] ERR: (ThinkException) 非法操作images
[ 2011-08-14T20:45:57+08:00 ] ERR: (ThinkException) 非法操作favicon.ico
[ 2011-08-14T20:46:40+08:00 ] ERR: (ThinkException) 非法操作index.html
[ 2011-08-14T20:49:22+08:00 ] ERR: (ThinkException) 非法操作index.html
[ 2011-08-14T20:49:34+08:00 ] SQL: SHOW COLUMNS FROM `think_demo` [ RunTime:0.003144s ]
[ 2011-08-14T20:49:34+08:00 ] SQL: SELECT * FROM `think_demo` [ RunTime:0.000542s ]
[ 2011-08-14T20:49:34+08:00 ] ERR: (ThinkException) 非法操作js
[ 2011-08-14T20:49:34+08:00 ] ERR: (ThinkException) 非法操作js
[ 2011-08-14T20:49:34+08:00 ] ERR: (ThinkException) 非法操作images
[ 2011-08-14T20:49:35+08:00 ] ERR: (ThinkException) 非法操作images
[ 2011-08-14T20:49:35+08:00 ] ERR: (ThinkException) 非法操作images
[ 2011-08-14T20:49:35+08:00 ] ERR: (ThinkException) 非法操作images
[ 2011-08-14T20:49:35+08:00 ] ERR: (ThinkException) 非法操作images
[ 2011-08-14T20:49:35+08:00 ] ERR: (ThinkException) 非法操作images
[ 2011-08-14T20:49:35+08:00 ] ERR: (ThinkException) 非法操作images
[ 2011-08-14T20:49:35+08:00 ] ERR: (ThinkException) 非法操作images
[ 2011-08-14T20:49:35+08:00 ] ERR: (ThinkException) 非法操作images
[ 2011-08-14T20:49:35+08:00 ] ERR: (ThinkException) 非法操作images
[ 2011-08-14T20:49:35+08:00 ] ERR: (ThinkException) 非法操作images
[ 2011-08-14T20:49:35+08:00 ] ERR: (ThinkException) 非法操作images
[ 2011-08-14T20:49:35+08:00 ] ERR: (ThinkException) 非法操作images
[ 2011-08-14T20:49:35+08:00 ] ERR: (ThinkException) 非法操作images
[ 2011-08-14T20:49:35+08:00 ] ERR: (ThinkException) 非法操作images
[ 2011-08-14T20:49:35+08:00 ] ERR: (ThinkException) 非法操作images
[ 2011-08-14T20:49:35+08:00 ] ERR: (ThinkException) 非法操作images
[ 2011-08-14T20:49:35+08:00 ] ERR: (ThinkException) 非法操作images
[ 2011-08-14T20:49:35+08:00 ] ERR: (ThinkException) 非法操作favicon.ico
[ 2011-08-14T20:49:36+08:00 ] ERR: (ThinkException) 非法操作index.html
