[ 2011-08-21T00:01:10+08:00 ] SQL: SHOW COLUMNS FROM `blog_article` [ RunTime:0.003740s ]
[ 2011-08-21T00:01:11+08:00 ] SQL: SHOW COLUMNS FROM `blog_article` [ RunTime:0.003488s ]
[ 2011-08-21T00:01:11+08:00 ] SQL: SHOW COLUMNS FROM `blog_article` [ RunTime:0.003494s ]
[ 2011-08-21T00:01:13+08:00 ] SQL: SHOW COLUMNS FROM `blog_article` [ RunTime:0.003885s ]
[ 2011-08-21T00:01:13+08:00 ] SQL: SHOW COLUMNS FROM `blog_article` [ RunTime:0.003468s ]
[ 2011-08-21T00:01:13+08:00 ] SQL: SHOW COLUMNS FROM `blog_article` [ RunTime:0.003631s ]
[ 2011-08-21T00:01:14+08:00 ] SQL: SHOW COLUMNS FROM `blog_article` [ RunTime:0.003511s ]
[ 2011-08-21T00:01:14+08:00 ] SQL: SHOW COLUMNS FROM `blog_article` [ RunTime:0.003512s ]
[ 2011-08-21T00:01:14+08:00 ] SQL: SHOW COLUMNS FROM `blog_article` [ RunTime:0.003894s ]
[ 2011-08-21T00:01:15+08:00 ] SQL: SHOW COLUMNS FROM `blog_article` [ RunTime:0.003822s ]
[ 2011-08-21T00:03:01+08:00 ] SQL: SHOW COLUMNS FROM `blog_article` [ RunTime:0.003568s ]
[ 2011-08-21T00:03:01+08:00 ] SQL: SHOW COLUMNS FROM `blog_article` [ RunTime:0.003542s ]
[ 2011-08-21T00:03:02+08:00 ] SQL: SHOW COLUMNS FROM `blog_article` [ RunTime:0.004100s ]
[ 2011-08-21T00:03:02+08:00 ] SQL: SHOW COLUMNS FROM `blog_article` [ RunTime:0.003804s ]
[ 2011-08-21T00:03:02+08:00 ] SQL: SHOW COLUMNS FROM `blog_article` [ RunTime:0.003804s ]
[ 2011-08-21T00:03:02+08:00 ] SQL: SHOW COLUMNS FROM `blog_article` [ RunTime:0.003878s ]
[ 2011-08-21T00:16:17+08:00 ] SQL: SHOW COLUMNS FROM `blog_article` [ RunTime:0.003540s ]
[ 2011-08-21T00:16:17+08:00 ] SQL: INSERT INTO `blog_article` (`blar_title`,`blar_from`,`blar_clicks`,`blar_status`) VALUES ('','http://www.niehonglei.info','0','1') [ RunTime:0.103482s ]
[ 2011-08-21T00:18:04+08:00 ] SQL: SHOW COLUMNS FROM `blog_article` [ RunTime:0.003715s ]
[ 2011-08-21T00:18:04+08:00 ] SQL: INSERT INTO `blog_article` (`blar_title`,`blar_from`,`blar_clicks`,`blar_status`) VALUES ('这是我的测试','http://www.niehonglei.info','0','1') [ RunTime:0.094663s ]
[ 2011-08-21T00:22:59+08:00 ] SQL: SHOW COLUMNS FROM `blog_article` [ RunTime:0.003471s ]
[ 2011-08-21T00:22:59+08:00 ] NOTIC: [8] Undefined variable: fields Db.class.php 第 719 行.
[ 2011-08-21T00:22:59+08:00 ] NOTIC: [2] implode() [<a href='function.implode'>function.implode</a>]: Invalid arguments passed Db.class.php 第 719 行.
[ 2011-08-21T00:22:59+08:00 ] NOTIC: [8] Undefined variable: values Db.class.php 第 719 行.
[ 2011-08-21T00:22:59+08:00 ] NOTIC: [2] implode() [<a href='function.implode'>function.implode</a>]: Invalid arguments passed Db.class.php 第 719 行.
[ 2011-08-21T00:22:59+08:00 ] SQL: INSERT INTO `blog_article` () VALUES () [ RunTime:0.112587s ]
[ 2011-08-21T00:27:42+08:00 ] SQL: SHOW COLUMNS FROM `blog_article` [ RunTime:0.003538s ]
[ 2011-08-21T00:27:42+08:00 ] SQL: INSERT INTO `blog_article` (`blar_title`,`blar_from`,`blar_clicks`,`blar_status`) VALUES ('这是我的测试','http://www.niehonglei.info','0','1') [ RunTime:0.083372s ]
[ 2011-08-21T00:28:01+08:00 ] SQL: SHOW COLUMNS FROM `blog_article` [ RunTime:0.003417s ]
[ 2011-08-21T00:28:01+08:00 ] SQL: INSERT INTO `blog_article` (`blar_title`,`blar_from`,`blar_clicks`,`blar_status`) VALUES ('这是我的测试','http://www.niehonglei.info','0','1') [ RunTime:0.088628s ]
[ 2011-08-21T00:28:47+08:00 ] SQL: SHOW COLUMNS FROM `blog_article` [ RunTime:0.003734s ]
[ 2011-08-21T00:28:47+08:00 ] SQL: INSERT INTO `blog_article` (`blar_title`,`blar_from`,`blar_clicks`,`blar_status`) VALUES ('这是我的测试','http://www.niehonglei.info','0','1') [ RunTime:0.069150s ]
[ 2011-08-21T00:29:36+08:00 ] SQL: SHOW COLUMNS FROM `blog_article` [ RunTime:0.003459s ]
[ 2011-08-21T00:29:36+08:00 ] SQL: INSERT INTO `blog_article` (`blar_title`,`blar_from`,`blar_clicks`,`blar_status`) VALUES ('这是我的测试','http://www.niehonglei.info','0','1') [ RunTime:0.064202s ]
[ 2011-08-21T00:30:06+08:00 ] SQL: SHOW COLUMNS FROM `blog_article` [ RunTime:0.003600s ]
[ 2011-08-21T00:30:06+08:00 ] SQL: INSERT INTO `blog_article` (`blar_title`,`blar_abstract`,`blar_author`,`blar_from`,`blar_clicks`,`blar_status`) VALUES ('adsfads','addfadf','nehnre','http://www.niehonglei.info','0','1') [ RunTime:0.072130s ]
[ 2011-08-21T00:30:45+08:00 ] SQL: SHOW COLUMNS FROM `blog_article` [ RunTime:0.003486s ]
[ 2011-08-21T00:30:45+08:00 ] NOTIC: [8] Use of undefined constant time - assumed 'time' IndexAction.class.php 第 48 行.
[ 2011-08-21T00:30:45+08:00 ] SQL: INSERT INTO `blog_article` (`blar_title`,`blar_abstract`,`blar_author`,`blar_from`,`blar_clicks`,`blar_status`,`blar_create_time`) VALUES ('adsfads','addfadf','nehnre','http://www.niehonglei.info','0','1','time') [ RunTime:0.075158s ]
[ 2011-08-21T00:31:07+08:00 ] SQL: SHOW COLUMNS FROM `blog_article` [ RunTime:0.003606s ]
[ 2011-08-21T00:31:07+08:00 ] SQL: INSERT INTO `blog_article` (`blar_title`,`blar_abstract`,`blar_author`,`blar_from`,`blar_clicks`,`blar_status`,`blar_create_time`) VALUES ('adsfads','addfadf','nehnre','http://www.niehonglei.info','0','1',1313857867) [ RunTime:0.092964s ]
[ 2011-08-21T00:32:56+08:00 ] SQL: SHOW COLUMNS FROM `blog_article` [ RunTime:0.004498s ]
[ 2011-08-21T00:32:56+08:00 ] SQL: INSERT INTO `blog_article` (`blar_title`,`blar_abstract`,`blar_author`,`blar_from`,`blar_clicks`,`blar_status`,`blar_create_time`) VALUES ('','','nehnre','http://www.niehonglei.info','0','1','2011-08-21 00:32:56') [ RunTime:0.073025s ]
[ 2011-08-21T00:36:11+08:00 ] SQL: SHOW COLUMNS FROM `blog_article` [ RunTime:0.003327s ]
[ 2011-08-21T00:36:11+08:00 ] SQL: INSERT INTO `blog_article` (`blar_title`,`blar_abstract`,`blar_author`,`blar_from`,`blar_clicks`,`blar_status`,`blar_create_time`,`blar_modify_time`) VALUES ('文章标题','文章标题','nehnre','http://www.niehonglei.info','0','1','2011-08-21 00:36:11','2011-08-21 00:36:11') [ RunTime:0.085462s ]
[ 2011-08-21T00:38:53+08:00 ] SQL: SHOW COLUMNS FROM `blog_article` [ RunTime:0.003803s ]
[ 2011-08-21T00:38:53+08:00 ] SQL: INSERT INTO `blog_article` (`blar_title`,`blar_abstract`,`blar_author`,`blar_from`,`blar_clicks`,`blar_status`,`blar_create_time`,`blar_modify_time`) VALUES ('文章标题','文章标题','nehnre','http://www.niehonglei.info','0','1','2011-08-21 00:38:53','2011-08-21 00:38:53') [ RunTime:0.073600s ]
[ 2011-08-21T00:43:58+08:00 ] SQL: SHOW COLUMNS FROM `blog_article` [ RunTime:0.003933s ]
[ 2011-08-21T00:43:58+08:00 ] SQL: INSERT INTO `blog_article` (`blar_title`,`blar_abstract`,`blar_author`,`blar_from`,`blar_clicks`,`blar_status`,`blar_create_time`,`blar_modify_time`) VALUES ('文章标题','文章标题','nehnre','http://www.niehonglei.info','0','1','2011-08-21 00:43:58','2011-08-21 00:43:58') [ RunTime:0.000509s ]
[ 2011-08-21T00:44:01+08:00 ] SQL: SHOW COLUMNS FROM `blog_article` [ RunTime:0.004096s ]
[ 2011-08-21T00:44:01+08:00 ] SQL: INSERT INTO `blog_article` (`blar_title`,`blar_abstract`,`blar_author`,`blar_from`,`blar_clicks`,`blar_status`,`blar_create_time`,`blar_modify_time`) VALUES ('文章标题','文章标题','nehnre','http://www.niehonglei.info','0','1','2011-08-21 00:44:01','2011-08-21 00:44:01') [ RunTime:0.000520s ]
[ 2011-08-21T00:44:20+08:00 ] SQL: SHOW COLUMNS FROM `blog_article` [ RunTime:0.003858s ]
[ 2011-08-21T00:44:20+08:00 ] SQL: INSERT INTO `blog_article` (`blar_title`,`blar_abstract`,`blar_author`,`blar_from`,`blar_clicks`,`blar_status`,`blar_create_time`,`blar_modify_time`) VALUES ('11','11','nehnre','http://www.niehonglei.info','0','1','2011-08-21 00:44:20','2011-08-21 00:44:20') [ RunTime:0.000497s ]
[ 2011-08-21T00:45:24+08:00 ] SQL: SHOW COLUMNS FROM `blog_article` [ RunTime:0.003515s ]
[ 2011-08-21T00:45:24+08:00 ] SQL: INSERT INTO `blog_article` (`blar_title`,`blar_abstract`,`blar_author`,`blar_from`,`blar_clicks`,`blar_status`,`blar_create_time`,`blar_modify_time`) VALUES ('11','11','nehnre','http://www.niehonglei.info','0','1','2011-08-21 00:45:24','2011-08-21 00:45:24') [ RunTime:0.147447s ]
[ 2011-08-21T00:49:36+08:00 ] SQL: SHOW COLUMNS FROM `blog_article` [ RunTime:0.003446s ]
[ 2011-08-21T00:49:36+08:00 ] SQL: INSERT INTO `blog_article` (`blar_title`,`blar_abstract`,`blar_author`,`blar_from`,`blar_clicks`,`blar_status`,`blar_create_time`,`blar_modify_time`) VALUES ('11','11','nehnre','http://www.niehonglei.info','0','1','2011-08-21 00:49:36','2011-08-21 00:49:36') [ RunTime:0.036989s ]
[ 2011-08-21T00:49:48+08:00 ] SQL: SHOW COLUMNS FROM `blog_article` [ RunTime:0.003941s ]
[ 2011-08-21T00:49:48+08:00 ] SQL: INSERT INTO `blog_article` (`blar_title`,`blar_abstract`,`blar_author`,`blar_from`,`blar_clicks`,`blar_status`,`blar_create_time`,`blar_modify_time`) VALUES ('11','11','nehnre','http://www.niehonglei.info','0','1','2011-08-21 00:49:48','2011-08-21 00:49:48') [ RunTime:0.052603s ]
[ 2011-08-21T01:01:29+08:00 ] SQL: SHOW COLUMNS FROM `blog_article` [ RunTime:0.003664s ]
[ 2011-08-21T01:01:29+08:00 ] SQL: INSERT INTO `blog_article` (`blar_title`,`blar_abstract`,`blar_author`,`blar_from`,`blar_clicks`,`blar_status`,`blar_create_time`,`blar_modify_time`) VALUES ('11','11','nehnre','http://www.niehonglei.info','0','1','2011-08-21 01:01:29','2011-08-21 01:01:29') [ RunTime:0.057597s ]
[ 2011-08-21T01:01:29+08:00 ] SQL: SELECT * FROM `blog_article` WHERE ( `blar_id` = 1 ) LIMIT 1  [ RunTime:0.000733s ]
[ 2011-08-21T01:01:47+08:00 ] SQL: SHOW COLUMNS FROM `blog_article` [ RunTime:0.004056s ]
[ 2011-08-21T01:01:47+08:00 ] SQL: INSERT INTO `blog_article` (`blar_title`,`blar_abstract`,`blar_author`,`blar_from`,`blar_clicks`,`blar_status`,`blar_create_time`,`blar_modify_time`) VALUES ('11','11','nehnre','http://www.niehonglei.info','0','1','2011-08-21 01:01:47','2011-08-21 01:01:47') [ RunTime:0.058663s ]
[ 2011-08-21T01:01:47+08:00 ] SQL: SELECT * FROM `blog_article` WHERE ( `blar_id` = 1 ) LIMIT 1  [ RunTime:0.000733s ]
[ 2011-08-21T01:07:32+08:00 ] SQL: SHOW COLUMNS FROM `blog_article` [ RunTime:0.003473s ]
[ 2011-08-21T01:07:33+08:00 ] SQL: INSERT INTO `blog_article` (`blar_create_time`,`blar_modify_time`) VALUES ('2011-08-21 01:07:32','2011-08-21 01:07:32') [ RunTime:0.154222s ]
[ 2011-08-21T01:07:33+08:00 ] SQL: select last_insert_id() [ RunTime:0.000312s ]
[ 2011-08-21T01:07:39+08:00 ] SQL: SHOW COLUMNS FROM `blog_article` [ RunTime:0.003359s ]
[ 2011-08-21T01:07:39+08:00 ] SQL: INSERT INTO `blog_article` (`blar_title`,`blar_abstract`,`blar_author`,`blar_from`,`blar_clicks`,`blar_status`,`blar_create_time`,`blar_modify_time`) VALUES ('11','11','nehnre','http://www.niehonglei.info','0','1','2011-08-21 01:07:39','2011-08-21 01:07:39') [ RunTime:0.056308s ]
[ 2011-08-21T01:07:39+08:00 ] SQL: select last_insert_id() [ RunTime:0.000301s ]
[ 2011-08-21T01:08:30+08:00 ] SQL: SHOW COLUMNS FROM `blog_article` [ RunTime:0.003583s ]
[ 2011-08-21T01:08:30+08:00 ] SQL: INSERT INTO `blog_article` (`blar_title`,`blar_abstract`,`blar_author`,`blar_from`,`blar_clicks`,`blar_status`,`blar_create_time`,`blar_modify_time`) VALUES ('11','11','nehnre','http://www.niehonglei.info','0','1','2011-08-21 01:08:30','2011-08-21 01:08:30') [ RunTime:0.042669s ]
[ 2011-08-21T01:08:30+08:00 ] SQL: select last_insert_id() as last [ RunTime:0.000324s ]
[ 2011-08-21T01:08:30+08:00 ] NOTIC: [8] Trying to get property of non-object IndexAction.class.php 第 52 行.
[ 2011-08-21T01:08:39+08:00 ] SQL: SHOW COLUMNS FROM `blog_article` [ RunTime:0.003529s ]
[ 2011-08-21T01:08:39+08:00 ] SQL: INSERT INTO `blog_article` (`blar_title`,`blar_abstract`,`blar_author`,`blar_from`,`blar_clicks`,`blar_status`,`blar_create_time`,`blar_modify_time`) VALUES ('11','11','nehnre','http://www.niehonglei.info','0','1','2011-08-21 01:08:39','2011-08-21 01:08:39') [ RunTime:0.046773s ]
[ 2011-08-21T01:08:39+08:00 ] SQL: select last_insert_id() as last [ RunTime:0.000404s ]
[ 2011-08-21T01:13:19+08:00 ] SQL: SHOW COLUMNS FROM `blog_article` [ RunTime:0.003659s ]
[ 2011-08-21T01:13:19+08:00 ] SQL: INSERT INTO `blog_article` (`blar_title`,`blar_abstract`,`blar_author`,`blar_from`,`blar_clicks`,`blar_status`,`blar_create_time`,`blar_modify_time`) VALUES ('11','11','nehnre','http://www.niehonglei.info','0','1','2011-08-21 01:13:19','2011-08-21 01:13:19') [ RunTime:0.081539s ]
[ 2011-08-21T01:13:19+08:00 ] SQL: select last_insert_id() as last [ RunTime:0.000408s ]
[ 2011-08-21T01:13:19+08:00 ] SQL: SHOW COLUMNS FROM `blog_content` [ RunTime:0.003134s ]
[ 2011-08-21T01:13:19+08:00 ] SQL: select last_insert_id() as last [ RunTime:0.000264s ]
